[2017-02-01 01:00:03] errors.ERROR: Slim Application Error:
Type: PDOException
Code: 1045
Message: SQLSTATE[HY000] [1045] Access denied for user ''@'localhost' (using password: NO)
File: C:\wamp64\www\UserFrostTest\app\sprinkles\account\src\Authenticate\Authenticator.php
Line: 96
Trace: #0 C:\wamp64\www\UserFrostTest\app\sprinkles\account\src\Authenticate\Authenticator.php(96): PDO->__construct('mysql:host=;dbn...', '', '')
#1 C:\wamp64\www\UserFrostTest\app\sprinkles\account\src\ServicesProvider\AccountServicesProvider.php(174): UserFrosting\Sprinkle\Account\Authenticate\Authenticator->__construct(Object(UserFrosting\Sprinkle\Core\Util\ClassMapper), Object(UserFrosting\Session\Session), Object(UserFrosting\Config\Config))
#2 C:\wamp64\www\UserFrostTest\app\vendor\pimple\pimple\src\Pimple\Container.php(113): UserFrosting\Sprinkle\Account\ServicesProvider\AccountServicesProvider->UserFrosting\Sprinkle\Account\ServicesProvider\{closure}(Object(Slim\Container))
#3 C:\wamp64\www\UserFrostTest\app\vendor\slim\slim\Slim\Container.php(123): Pimple\Container->offsetGet('authenticator')
#4 C:\wamp64\www\UserFrostTest\app\vendor\slim\slim\Slim\Container.php(172): Slim\Container->get('authenticator')
#5 C:\wamp64\www\UserFrostTest\app\sprinkles\account\src\ServicesProvider\AccountServicesProvider.php(182): Slim\Container->__get('authenticator')
#6 C:\wamp64\www\UserFrostTest\app\vendor\pimple\pimple\src\Pimple\Container.php(113): UserFrosting\Sprinkle\Account\ServicesProvider\AccountServicesProvider->UserFrosting\Sprinkle\Account\ServicesProvider\{closure}(Object(Slim\Container))
#7 C:\wamp64\www\UserFrostTest\app\vendor\slim\slim\Slim\Container.php(123): Pimple\Container->offsetGet('authGuard')
#8 C:\wamp64\www\UserFrostTest\app\vendor\slim\slim\Slim\CallableResolver.php(71): Slim\Container->get('authGuard')
#9 C:\wamp64\www\UserFrostTest\app\vendor\slim\slim\Slim\CallableResolverAwareTrait.php(45): Slim\CallableResolver->resolve('authGuard')
#10 C:\wamp64\www\UserFrostTest\app\vendor\slim\slim\Slim\DeferredCallable.php(36): Slim\DeferredCallable->resolveCallable('authGuard')
#11 [internal function]: Slim\DeferredCallable->__invoke(Object(Slim\Http\Request), Object(Slim\Http\Response), Object(Slim\Route))
#12 C:\wamp64\www\UserFrostTest\app\vendor\slim\slim\Slim\MiddlewareAwareTrait.php(67): call_user_func(Object(Slim\DeferredCallable), Object(Slim\Http\Request), Object(Slim\Http\Response), Object(Slim\Route))
#13 C:\wamp64\www\UserFrostTest\app\vendor\slim\slim\Slim\MiddlewareAwareTrait.php(116): Slim\Route->Slim\{closure}(Object(Slim\Http\Request), Object(Slim\Http\Response))
#14 C:\wamp64\www\UserFrostTest\app\vendor\slim\slim\Slim\Route.php(316): Slim\Route->callMiddlewareStack(Object(Slim\Http\Request), Object(Slim\Http\Response))
#15 C:\wamp64\www\UserFrostTest\app\vendor\slim\slim\Slim\App.php(438): Slim\Route->run(Object(Slim\Http\Request), Object(Slim\Http\Response))
#16 C:\wamp64\www\UserFrostTest\app\vendor\slim\csrf\src\Guard.php(177): Slim\App->__invoke(Object(Slim\Http\Request), Object(Slim\Http\Response))
#17 [internal function]: Slim\Csrf\Guard->__invoke(Object(Slim\Http\Request), Object(Slim\Http\Response), Object(Slim\App))
#18 C:\wamp64\www\UserFrostTest\app\vendor\slim\slim\Slim\DeferredCallable.php(43): call_user_func_array(Object(Slim\Csrf\Guard), Array)
#19 [internal function]: Slim\DeferredCallable->__invoke(Object(Slim\Http\Request), Object(Slim\Http\Response), Object(Slim\App))
#20 C:\wamp64\www\UserFrostTest\app\vendor\slim\slim\Slim\MiddlewareAwareTrait.php(67): call_user_func(Object(Slim\DeferredCallable), Object(Slim\Http\Request), Object(Slim\Http\Response), Object(Slim\App))
#21 C:\wamp64\www\UserFrostTest\app\vendor\slim\slim\Slim\MiddlewareAwareTrait.php(116): Slim\App->Slim\{closure}(Object(Slim\Http\Request), Object(Slim\Http\Response))
#22 C:\wamp64\www\UserFrostTest\app\vendor\slim\slim\Slim\App.php(332): Slim\App->callMiddlewareStack(Object(Slim\Http\Request), Object(Slim\Http\Response))
#23 C:\wamp64\www\UserFrostTest\app\vendor\slim\slim\Slim\App.php(293): Slim\App->process(Object(Slim\Http\Request), Object(Slim\Http\Response))
#24 C:\wamp64\www\UserFrostTest\public\index.php(57): Slim\App->run()
#25 {main}
View in rendered output by enabling the "displayErrorDetails" setting.
 [] []
[2017-02-01 01:13:27] errors.ERROR: Slim Application Error:
Type: phpmailerException
Code: 2
Message: SMTP connect() failed. https://github.com/PHPMailer/PHPMailer/wiki/Troubleshooting
File: C:\wamp64\www\UserFrostTest\app\vendor\phpmailer\phpmailer\class.phpmailer.php
Line: 1256
Trace: #0 C:\wamp64\www\UserFrostTest\app\vendor\phpmailer\phpmailer\class.phpmailer.php(1100): PHPMailer->smtpSend('Date: Wed, 1 Fe...', '<p>Dear user,\n<...')
#1 C:\wamp64\www\UserFrostTest\app\vendor\phpmailer\phpmailer\class.phpmailer.php(1004): PHPMailer->postSend()
#2 C:\wamp64\www\UserFrostTest\app\sprinkles\core\src\Mail\Mailer.php(126): PHPMailer->send()
#3 C:\wamp64\www\UserFrostTest\app\sprinkles\account\src\Controller\AccountController.php(668): UserFrosting\Sprinkle\Core\Mail\Mailer->send(Object(UserFrosting\Sprinkle\Core\Mail\TwigMailMessage))
#4 C:\wamp64\www\UserFrostTest\app\vendor\illuminate\database\Connection.php(569): UserFrosting\Sprinkle\Account\Controller\AccountController->UserFrosting\Sprinkle\Account\Controller\{closure}(Object(Illuminate\Database\MySqlConnection))
#5 C:\wamp64\www\UserFrostTest\app\vendor\illuminate\database\Capsule\Manager.php(199): Illuminate\Database\Connection->transaction(Object(Closure))
#6 C:\wamp64\www\UserFrostTest\app\sprinkles\account\src\Controller\AccountController.php(675): Illuminate\Database\Capsule\Manager::__callStatic('transaction', Array)
#7 [internal function]: UserFrosting\Sprinkle\Account\Controller\AccountController->register(Object(Slim\Http\Request), Object(Slim\Http\Response), Array)
#8 C:\wamp64\www\UserFrostTest\app\vendor\slim\slim\Slim\Handlers\Strategies\RequestResponse.php(41): call_user_func(Array, Object(Slim\Http\Request), Object(Slim\Http\Response), Array)
#9 C:\wamp64\www\UserFrostTest\app\vendor\slim\slim\Slim\Route.php(344): Slim\Handlers\Strategies\RequestResponse->__invoke(Array, Object(Slim\Http\Request), Object(Slim\Http\Response), Array)
#10 C:\wamp64\www\UserFrostTest\app\vendor\slim\slim\Slim\MiddlewareAwareTrait.php(116): Slim\Route->__invoke(Object(Slim\Http\Request), Object(Slim\Http\Response))
#11 C:\wamp64\www\UserFrostTest\app\vendor\slim\slim\Slim\Route.php(316): Slim\Route->callMiddlewareStack(Object(Slim\Http\Request), Object(Slim\Http\Response))
#12 C:\wamp64\www\UserFrostTest\app\vendor\slim\slim\Slim\App.php(438): Slim\Route->run(Object(Slim\Http\Request), Object(Slim\Http\Response))
#13 C:\wamp64\www\UserFrostTest\app\vendor\slim\csrf\src\Guard.php(177): Slim\App->__invoke(Object(Slim\Http\Request), Object(Slim\Http\Response))
#14 [internal function]: Slim\Csrf\Guard->__invoke(Object(Slim\Http\Request), Object(Slim\Http\Response), Object(Slim\App))
#15 C:\wamp64\www\UserFrostTest\app\vendor\slim\slim\Slim\DeferredCallable.php(43): call_user_func_array(Object(Slim\Csrf\Guard), Array)
#16 [internal function]: Slim\DeferredCallable->__invoke(Object(Slim\Http\Request), Object(Slim\Http\Response), Object(Slim\App))
#17 C:\wamp64\www\UserFrostTest\app\vendor\slim\slim\Slim\MiddlewareAwareTrait.php(67): call_user_func(Object(Slim\DeferredCallable), Object(Slim\Http\Request), Object(Slim\Http\Response), Object(Slim\App))
#18 C:\wamp64\www\UserFrostTest\app\vendor\slim\slim\Slim\MiddlewareAwareTrait.php(116): Slim\App->Slim\{closure}(Object(Slim\Http\Request), Object(Slim\Http\Response))
#19 C:\wamp64\www\UserFrostTest\app\vendor\slim\slim\Slim\App.php(332): Slim\App->callMiddlewareStack(Object(Slim\Http\Request), Object(Slim\Http\Response))
#20 C:\wamp64\www\UserFrostTest\app\vendor\slim\slim\Slim\App.php(293): Slim\App->process(Object(Slim\Http\Request), Object(Slim\Http\Response))
#21 C:\wamp64\www\UserFrostTest\public\index.php(57): Slim\App->run()
#22 {main}
View in rendered output by enabling the "displayErrorDetails" setting.
 [] []
[2017-02-01 01:14:29] errors.ERROR: Slim Application Error:
Type: phpmailerException
Code: 2
Message: SMTP connect() failed. https://github.com/PHPMailer/PHPMailer/wiki/Troubleshooting
File: C:\wamp64\www\UserFrostTest\app\vendor\phpmailer\phpmailer\class.phpmailer.php
Line: 1256
Trace: #0 C:\wamp64\www\UserFrostTest\app\vendor\phpmailer\phpmailer\class.phpmailer.php(1100): PHPMailer->smtpSend('Date: Wed, 1 Fe...', '<p>Dear user,\n<...')
#1 C:\wamp64\www\UserFrostTest\app\vendor\phpmailer\phpmailer\class.phpmailer.php(1004): PHPMailer->postSend()
#2 C:\wamp64\www\UserFrostTest\app\sprinkles\core\src\Mail\Mailer.php(126): PHPMailer->send()
#3 C:\wamp64\www\UserFrostTest\app\sprinkles\account\src\Controller\AccountController.php(668): UserFrosting\Sprinkle\Core\Mail\Mailer->send(Object(UserFrosting\Sprinkle\Core\Mail\TwigMailMessage))
#4 C:\wamp64\www\UserFrostTest\app\vendor\illuminate\database\Connection.php(569): UserFrosting\Sprinkle\Account\Controller\AccountController->UserFrosting\Sprinkle\Account\Controller\{closure}(Object(Illuminate\Database\MySqlConnection))
#5 C:\wamp64\www\UserFrostTest\app\vendor\illuminate\database\Capsule\Manager.php(199): Illuminate\Database\Connection->transaction(Object(Closure))
#6 C:\wamp64\www\UserFrostTest\app\sprinkles\account\src\Controller\AccountController.php(675): Illuminate\Database\Capsule\Manager::__callStatic('transaction', Array)
#7 [internal function]: UserFrosting\Sprinkle\Account\Controller\AccountController->register(Object(Slim\Http\Request), Object(Slim\Http\Response), Array)
#8 C:\wamp64\www\UserFrostTest\app\vendor\slim\slim\Slim\Handlers\Strategies\RequestResponse.php(41): call_user_func(Array, Object(Slim\Http\Request), Object(Slim\Http\Response), Array)
#9 C:\wamp64\www\UserFrostTest\app\vendor\slim\slim\Slim\Route.php(344): Slim\Handlers\Strategies\RequestResponse->__invoke(Array, Object(Slim\Http\Request), Object(Slim\Http\Response), Array)
#10 C:\wamp64\www\UserFrostTest\app\vendor\slim\slim\Slim\MiddlewareAwareTrait.php(116): Slim\Route->__invoke(Object(Slim\Http\Request), Object(Slim\Http\Response))
#11 C:\wamp64\www\UserFrostTest\app\vendor\slim\slim\Slim\Route.php(316): Slim\Route->callMiddlewareStack(Object(Slim\Http\Request), Object(Slim\Http\Response))
#12 C:\wamp64\www\UserFrostTest\app\vendor\slim\slim\Slim\App.php(438): Slim\Route->run(Object(Slim\Http\Request), Object(Slim\Http\Response))
#13 C:\wamp64\www\UserFrostTest\app\vendor\slim\csrf\src\Guard.php(177): Slim\App->__invoke(Object(Slim\Http\Request), Object(Slim\Http\Response))
#14 [internal function]: Slim\Csrf\Guard->__invoke(Object(Slim\Http\Request), Object(Slim\Http\Response), Object(Slim\App))
#15 C:\wamp64\www\UserFrostTest\app\vendor\slim\slim\Slim\DeferredCallable.php(43): call_user_func_array(Object(Slim\Csrf\Guard), Array)
#16 [internal function]: Slim\DeferredCallable->__invoke(Object(Slim\Http\Request), Object(Slim\Http\Response), Object(Slim\App))
#17 C:\wamp64\www\UserFrostTest\app\vendor\slim\slim\Slim\MiddlewareAwareTrait.php(67): call_user_func(Object(Slim\DeferredCallable), Object(Slim\Http\Request), Object(Slim\Http\Response), Object(Slim\App))
#18 C:\wamp64\www\UserFrostTest\app\vendor\slim\slim\Slim\MiddlewareAwareTrait.php(116): Slim\App->Slim\{closure}(Object(Slim\Http\Request), Object(Slim\Http\Response))
#19 C:\wamp64\www\UserFrostTest\app\vendor\slim\slim\Slim\App.php(332): Slim\App->callMiddlewareStack(Object(Slim\Http\Request), Object(Slim\Http\Response))
#20 C:\wamp64\www\UserFrostTest\app\vendor\slim\slim\Slim\App.php(293): Slim\App->process(Object(Slim\Http\Request), Object(Slim\Http\Response))
#21 C:\wamp64\www\UserFrostTest\public\index.php(57): Slim\App->run()
#22 {main}
View in rendered output by enabling the "displayErrorDetails" setting.
 [] []
[2017-02-01 01:27:51] errors.ERROR: Slim Application Error:
Type: phpmailerException
Code: 2
Message: SMTP connect() failed. https://github.com/PHPMailer/PHPMailer/wiki/Troubleshooting
File: C:\wamp64\www\UserFrostTest\app\vendor\phpmailer\phpmailer\class.phpmailer.php
Line: 1256
Trace: #0 C:\wamp64\www\UserFrostTest\app\vendor\phpmailer\phpmailer\class.phpmailer.php(1100): PHPMailer->smtpSend('Date: Wed, 1 Fe...', '<p>Dear user,\n<...')
#1 C:\wamp64\www\UserFrostTest\app\vendor\phpmailer\phpmailer\class.phpmailer.php(1004): PHPMailer->postSend()
#2 C:\wamp64\www\UserFrostTest\app\sprinkles\core\src\Mail\Mailer.php(126): PHPMailer->send()
#3 C:\wamp64\www\UserFrostTest\app\sprinkles\account\src\Controller\AccountController.php(668): UserFrosting\Sprinkle\Core\Mail\Mailer->send(Object(UserFrosting\Sprinkle\Core\Mail\TwigMailMessage))
#4 C:\wamp64\www\UserFrostTest\app\vendor\illuminate\database\Connection.php(569): UserFrosting\Sprinkle\Account\Controller\AccountController->UserFrosting\Sprinkle\Account\Controller\{closure}(Object(Illuminate\Database\MySqlConnection))
#5 C:\wamp64\www\UserFrostTest\app\vendor\illuminate\database\Capsule\Manager.php(199): Illuminate\Database\Connection->transaction(Object(Closure))
#6 C:\wamp64\www\UserFrostTest\app\sprinkles\account\src\Controller\AccountController.php(675): Illuminate\Database\Capsule\Manager::__callStatic('transaction', Array)
#7 [internal function]: UserFrosting\Sprinkle\Account\Controller\AccountController->register(Object(Slim\Http\Request), Object(Slim\Http\Response), Array)
#8 C:\wamp64\www\UserFrostTest\app\vendor\slim\slim\Slim\Handlers\Strategies\RequestResponse.php(41): call_user_func(Array, Object(Slim\Http\Request), Object(Slim\Http\Response), Array)
#9 C:\wamp64\www\UserFrostTest\app\vendor\slim\slim\Slim\Route.php(344): Slim\Handlers\Strategies\RequestResponse->__invoke(Array, Object(Slim\Http\Request), Object(Slim\Http\Response), Array)
#10 C:\wamp64\www\UserFrostTest\app\vendor\slim\slim\Slim\MiddlewareAwareTrait.php(116): Slim\Route->__invoke(Object(Slim\Http\Request), Object(Slim\Http\Response))
#11 C:\wamp64\www\UserFrostTest\app\vendor\slim\slim\Slim\Route.php(316): Slim\Route->callMiddlewareStack(Object(Slim\Http\Request), Object(Slim\Http\Response))
#12 C:\wamp64\www\UserFrostTest\app\vendor\slim\slim\Slim\App.php(438): Slim\Route->run(Object(Slim\Http\Request), Object(Slim\Http\Response))
#13 C:\wamp64\www\UserFrostTest\app\vendor\slim\csrf\src\Guard.php(177): Slim\App->__invoke(Object(Slim\Http\Request), Object(Slim\Http\Response))
#14 [internal function]: Slim\Csrf\Guard->__invoke(Object(Slim\Http\Request), Object(Slim\Http\Response), Object(Slim\App))
#15 C:\wamp64\www\UserFrostTest\app\vendor\slim\slim\Slim\DeferredCallable.php(43): call_user_func_array(Object(Slim\Csrf\Guard), Array)
#16 [internal function]: Slim\DeferredCallable->__invoke(Object(Slim\Http\Request), Object(Slim\Http\Response), Object(Slim\App))
#17 C:\wamp64\www\UserFrostTest\app\vendor\slim\slim\Slim\MiddlewareAwareTrait.php(67): call_user_func(Object(Slim\DeferredCallable), Object(Slim\Http\Request), Object(Slim\Http\Response), Object(Slim\App))
#18 C:\wamp64\www\UserFrostTest\app\vendor\slim\slim\Slim\MiddlewareAwareTrait.php(116): Slim\App->Slim\{closure}(Object(Slim\Http\Request), Object(Slim\Http\Response))
#19 C:\wamp64\www\UserFrostTest\app\vendor\slim\slim\Slim\App.php(332): Slim\App->callMiddlewareStack(Object(Slim\Http\Request), Object(Slim\Http\Response))
#20 C:\wamp64\www\UserFrostTest\app\vendor\slim\slim\Slim\App.php(293): Slim\App->process(Object(Slim\Http\Request), Object(Slim\Http\Response))
#21 C:\wamp64\www\UserFrostTest\public\index.php(57): Slim\App->run()
#22 {main}
View in rendered output by enabling the "displayErrorDetails" setting.
 [] []
[2017-02-01 01:34:33] errors.ERROR: Slim Application Error:
Type: phpmailerException
Code: 2
Message: SMTP connect() failed. https://github.com/PHPMailer/PHPMailer/wiki/Troubleshooting
File: C:\wamp64\www\UserFrostTest\app\vendor\phpmailer\phpmailer\class.phpmailer.php
Line: 1256
Trace: #0 C:\wamp64\www\UserFrostTest\app\vendor\phpmailer\phpmailer\class.phpmailer.php(1100): PHPMailer->smtpSend('Date: Wed, 1 Fe...', '<p>Dear user,\n<...')
#1 C:\wamp64\www\UserFrostTest\app\vendor\phpmailer\phpmailer\class.phpmailer.php(1004): PHPMailer->postSend()
#2 C:\wamp64\www\UserFrostTest\app\sprinkles\core\src\Mail\Mailer.php(126): PHPMailer->send()
#3 C:\wamp64\www\UserFrostTest\app\sprinkles\account\src\Controller\AccountController.php(668): UserFrosting\Sprinkle\Core\Mail\Mailer->send(Object(UserFrosting\Sprinkle\Core\Mail\TwigMailMessage))
#4 C:\wamp64\www\UserFrostTest\app\vendor\illuminate\database\Connection.php(569): UserFrosting\Sprinkle\Account\Controller\AccountController->UserFrosting\Sprinkle\Account\Controller\{closure}(Object(Illuminate\Database\MySqlConnection))
#5 C:\wamp64\www\UserFrostTest\app\vendor\illuminate\database\Capsule\Manager.php(199): Illuminate\Database\Connection->transaction(Object(Closure))
#6 C:\wamp64\www\UserFrostTest\app\sprinkles\account\src\Controller\AccountController.php(675): Illuminate\Database\Capsule\Manager::__callStatic('transaction', Array)
#7 [internal function]: UserFrosting\Sprinkle\Account\Controller\AccountController->register(Object(Slim\Http\Request), Object(Slim\Http\Response), Array)
#8 C:\wamp64\www\UserFrostTest\app\vendor\slim\slim\Slim\Handlers\Strategies\RequestResponse.php(41): call_user_func(Array, Object(Slim\Http\Request), Object(Slim\Http\Response), Array)
#9 C:\wamp64\www\UserFrostTest\app\vendor\slim\slim\Slim\Route.php(344): Slim\Handlers\Strategies\RequestResponse->__invoke(Array, Object(Slim\Http\Request), Object(Slim\Http\Response), Array)
#10 C:\wamp64\www\UserFrostTest\app\vendor\slim\slim\Slim\MiddlewareAwareTrait.php(116): Slim\Route->__invoke(Object(Slim\Http\Request), Object(Slim\Http\Response))
#11 C:\wamp64\www\UserFrostTest\app\vendor\slim\slim\Slim\Route.php(316): Slim\Route->callMiddlewareStack(Object(Slim\Http\Request), Object(Slim\Http\Response))
#12 C:\wamp64\www\UserFrostTest\app\vendor\slim\slim\Slim\App.php(438): Slim\Route->run(Object(Slim\Http\Request), Object(Slim\Http\Response))
#13 C:\wamp64\www\UserFrostTest\app\vendor\slim\csrf\src\Guard.php(177): Slim\App->__invoke(Object(Slim\Http\Request), Object(Slim\Http\Response))
#14 [internal function]: Slim\Csrf\Guard->__invoke(Object(Slim\Http\Request), Object(Slim\Http\Response), Object(Slim\App))
#15 C:\wamp64\www\UserFrostTest\app\vendor\slim\slim\Slim\DeferredCallable.php(43): call_user_func_array(Object(Slim\Csrf\Guard), Array)
#16 [internal function]: Slim\DeferredCallable->__invoke(Object(Slim\Http\Request), Object(Slim\Http\Response), Object(Slim\App))
#17 C:\wamp64\www\UserFrostTest\app\vendor\slim\slim\Slim\MiddlewareAwareTrait.php(67): call_user_func(Object(Slim\DeferredCallable), Object(Slim\Http\Request), Object(Slim\Http\Response), Object(Slim\App))
#18 C:\wamp64\www\UserFrostTest\app\vendor\slim\slim\Slim\MiddlewareAwareTrait.php(116): Slim\App->Slim\{closure}(Object(Slim\Http\Request), Object(Slim\Http\Response))
#19 C:\wamp64\www\UserFrostTest\app\vendor\slim\slim\Slim\App.php(332): Slim\App->callMiddlewareStack(Object(Slim\Http\Request), Object(Slim\Http\Response))
#20 C:\wamp64\www\UserFrostTest\app\vendor\slim\slim\Slim\App.php(293): Slim\App->process(Object(Slim\Http\Request), Object(Slim\Http\Response))
#21 C:\wamp64\www\UserFrostTest\public\index.php(57): Slim\App->run()
#22 {main}
View in rendered output by enabling the "displayErrorDetails" setting.
 [] []
[2017-02-01 01:41:49] errors.ERROR: Slim Application Error:
Type: phpmailerException
Code: 2
Message: SMTP connect() failed. https://github.com/PHPMailer/PHPMailer/wiki/Troubleshooting
File: C:\wamp64\www\UserFrostTest\app\vendor\phpmailer\phpmailer\class.phpmailer.php
Line: 1256
Trace: #0 C:\wamp64\www\UserFrostTest\app\vendor\phpmailer\phpmailer\class.phpmailer.php(1100): PHPMailer->smtpSend('Date: Wed, 1 Fe...', '<p>Dear user,\n<...')
#1 C:\wamp64\www\UserFrostTest\app\vendor\phpmailer\phpmailer\class.phpmailer.php(1004): PHPMailer->postSend()
#2 C:\wamp64\www\UserFrostTest\app\sprinkles\core\src\Mail\Mailer.php(126): PHPMailer->send()
#3 C:\wamp64\www\UserFrostTest\app\sprinkles\account\src\Controller\AccountController.php(668): UserFrosting\Sprinkle\Core\Mail\Mailer->send(Object(UserFrosting\Sprinkle\Core\Mail\TwigMailMessage))
#4 C:\wamp64\www\UserFrostTest\app\vendor\illuminate\database\Connection.php(569): UserFrosting\Sprinkle\Account\Controller\AccountController->UserFrosting\Sprinkle\Account\Controller\{closure}(Object(Illuminate\Database\MySqlConnection))
#5 C:\wamp64\www\UserFrostTest\app\vendor\illuminate\database\Capsule\Manager.php(199): Illuminate\Database\Connection->transaction(Object(Closure))
#6 C:\wamp64\www\UserFrostTest\app\sprinkles\account\src\Controller\AccountController.php(675): Illuminate\Database\Capsule\Manager::__callStatic('transaction', Array)
#7 [internal function]: UserFrosting\Sprinkle\Account\Controller\AccountController->register(Object(Slim\Http\Request), Object(Slim\Http\Response), Array)
#8 C:\wamp64\www\UserFrostTest\app\vendor\slim\slim\Slim\Handlers\Strategies\RequestResponse.php(41): call_user_func(Array, Object(Slim\Http\Request), Object(Slim\Http\Response), Array)
#9 C:\wamp64\www\UserFrostTest\app\vendor\slim\slim\Slim\Route.php(344): Slim\Handlers\Strategies\RequestResponse->__invoke(Array, Object(Slim\Http\Request), Object(Slim\Http\Response), Array)
#10 C:\wamp64\www\UserFrostTest\app\vendor\slim\slim\Slim\MiddlewareAwareTrait.php(116): Slim\Route->__invoke(Object(Slim\Http\Request), Object(Slim\Http\Response))
#11 C:\wamp64\www\UserFrostTest\app\vendor\slim\slim\Slim\Route.php(316): Slim\Route->callMiddlewareStack(Object(Slim\Http\Request), Object(Slim\Http\Response))
#12 C:\wamp64\www\UserFrostTest\app\vendor\slim\slim\Slim\App.php(438): Slim\Route->run(Object(Slim\Http\Request), Object(Slim\Http\Response))
#13 C:\wamp64\www\UserFrostTest\app\vendor\slim\csrf\src\Guard.php(177): Slim\App->__invoke(Object(Slim\Http\Request), Object(Slim\Http\Response))
#14 [internal function]: Slim\Csrf\Guard->__invoke(Object(Slim\Http\Request), Object(Slim\Http\Response), Object(Slim\App))
#15 C:\wamp64\www\UserFrostTest\app\vendor\slim\slim\Slim\DeferredCallable.php(43): call_user_func_array(Object(Slim\Csrf\Guard), Array)
#16 [internal function]: Slim\DeferredCallable->__invoke(Object(Slim\Http\Request), Object(Slim\Http\Response), Object(Slim\App))
#17 C:\wamp64\www\UserFrostTest\app\vendor\slim\slim\Slim\MiddlewareAwareTrait.php(67): call_user_func(Object(Slim\DeferredCallable), Object(Slim\Http\Request), Object(Slim\Http\Response), Object(Slim\App))
#18 C:\wamp64\www\UserFrostTest\app\vendor\slim\slim\Slim\MiddlewareAwareTrait.php(116): Slim\App->Slim\{closure}(Object(Slim\Http\Request), Object(Slim\Http\Response))
#19 C:\wamp64\www\UserFrostTest\app\vendor\slim\slim\Slim\App.php(332): Slim\App->callMiddlewareStack(Object(Slim\Http\Request), Object(Slim\Http\Response))
#20 C:\wamp64\www\UserFrostTest\app\vendor\slim\slim\Slim\App.php(293): Slim\App->process(Object(Slim\Http\Request), Object(Slim\Http\Response))
#21 C:\wamp64\www\UserFrostTest\public\index.php(57): Slim\App->run()
#22 {main}
View in rendered output by enabling the "displayErrorDetails" setting.
 [] []
[2017-02-01 01:52:31] errors.ERROR: Slim Application Error:
Type: phpmailerException
Message: SMTP Error: Could not connect to SMTP host.
File: C:\wamp64\www\UserFrostTest\app\vendor\phpmailer\phpmailer\class.phpmailer.php
Line: 1388
Trace: #0 C:\wamp64\www\UserFrostTest\app\vendor\phpmailer\phpmailer\class.phpmailer.php(1255): PHPMailer->smtpConnect(Array)
#1 C:\wamp64\www\UserFrostTest\app\vendor\phpmailer\phpmailer\class.phpmailer.php(1100): PHPMailer->smtpSend('Date: Wed, 1 Fe...', '<p>Dear user,\n<...')
#2 C:\wamp64\www\UserFrostTest\app\vendor\phpmailer\phpmailer\class.phpmailer.php(1004): PHPMailer->postSend()
#3 C:\wamp64\www\UserFrostTest\app\sprinkles\core\src\Mail\Mailer.php(126): PHPMailer->send()
#4 C:\wamp64\www\UserFrostTest\app\sprinkles\account\src\Controller\AccountController.php(668): UserFrosting\Sprinkle\Core\Mail\Mailer->send(Object(UserFrosting\Sprinkle\Core\Mail\TwigMailMessage))
#5 C:\wamp64\www\UserFrostTest\app\vendor\illuminate\database\Connection.php(569): UserFrosting\Sprinkle\Account\Controller\AccountController->UserFrosting\Sprinkle\Account\Controller\{closure}(Object(Illuminate\Database\MySqlConnection))
#6 C:\wamp64\www\UserFrostTest\app\vendor\illuminate\database\Capsule\Manager.php(199): Illuminate\Database\Connection->transaction(Object(Closure))
#7 C:\wamp64\www\UserFrostTest\app\sprinkles\account\src\Controller\AccountController.php(675): Illuminate\Database\Capsule\Manager::__callStatic('transaction', Array)
#8 [internal function]: UserFrosting\Sprinkle\Account\Controller\AccountController->register(Object(Slim\Http\Request), Object(Slim\Http\Response), Array)
#9 C:\wamp64\www\UserFrostTest\app\vendor\slim\slim\Slim\Handlers\Strategies\RequestResponse.php(41): call_user_func(Array, Object(Slim\Http\Request), Object(Slim\Http\Response), Array)
#10 C:\wamp64\www\UserFrostTest\app\vendor\slim\slim\Slim\Route.php(344): Slim\Handlers\Strategies\RequestResponse->__invoke(Array, Object(Slim\Http\Request), Object(Slim\Http\Response), Array)
#11 C:\wamp64\www\UserFrostTest\app\vendor\slim\slim\Slim\MiddlewareAwareTrait.php(116): Slim\Route->__invoke(Object(Slim\Http\Request), Object(Slim\Http\Response))
#12 C:\wamp64\www\UserFrostTest\app\vendor\slim\slim\Slim\Route.php(316): Slim\Route->callMiddlewareStack(Object(Slim\Http\Request), Object(Slim\Http\Response))
#13 C:\wamp64\www\UserFrostTest\app\vendor\slim\slim\Slim\App.php(438): Slim\Route->run(Object(Slim\Http\Request), Object(Slim\Http\Response))
#14 C:\wamp64\www\UserFrostTest\app\vendor\slim\csrf\src\Guard.php(177): Slim\App->__invoke(Object(Slim\Http\Request), Object(Slim\Http\Response))
#15 [internal function]: Slim\Csrf\Guard->__invoke(Object(Slim\Http\Request), Object(Slim\Http\Response), Object(Slim\App))
#16 C:\wamp64\www\UserFrostTest\app\vendor\slim\slim\Slim\DeferredCallable.php(43): call_user_func_array(Object(Slim\Csrf\Guard), Array)
#17 [internal function]: Slim\DeferredCallable->__invoke(Object(Slim\Http\Request), Object(Slim\Http\Response), Object(Slim\App))
#18 C:\wamp64\www\UserFrostTest\app\vendor\slim\slim\Slim\MiddlewareAwareTrait.php(67): call_user_func(Object(Slim\DeferredCallable), Object(Slim\Http\Request), Object(Slim\Http\Response), Object(Slim\App))
#19 C:\wamp64\www\UserFrostTest\app\vendor\slim\slim\Slim\MiddlewareAwareTrait.php(116): Slim\App->Slim\{closure}(Object(Slim\Http\Request), Object(Slim\Http\Response))
#20 C:\wamp64\www\UserFrostTest\app\vendor\slim\slim\Slim\App.php(332): Slim\App->callMiddlewareStack(Object(Slim\Http\Request), Object(Slim\Http\Response))
#21 C:\wamp64\www\UserFrostTest\app\vendor\slim\slim\Slim\App.php(293): Slim\App->process(Object(Slim\Http\Request), Object(Slim\Http\Response))
#22 C:\wamp64\www\UserFrostTest\public\index.php(57): Slim\App->run()
#23 {main}
View in rendered output by enabling the "displayErrorDetails" setting.
 [] []
[2017-02-01 03:01:02] errors.ERROR: Slim Application Error:
Type: phpmailerException
Message: SMTP Error: Could not authenticate.
File: C:\wamp64\www\UserFrostTest\app\vendor\phpmailer\phpmailer\class.phpmailer.php
Line: 1402
Trace: #0 C:\wamp64\www\UserFrostTest\app\vendor\phpmailer\phpmailer\class.phpmailer.php(1255): PHPMailer->smtpConnect(Array)
#1 C:\wamp64\www\UserFrostTest\app\vendor\phpmailer\phpmailer\class.phpmailer.php(1100): PHPMailer->smtpSend('Date: Wed, 1 Fe...', '<p>Dear user,\n<...')
#2 C:\wamp64\www\UserFrostTest\app\vendor\phpmailer\phpmailer\class.phpmailer.php(1004): PHPMailer->postSend()
#3 C:\wamp64\www\UserFrostTest\app\sprinkles\core\src\Mail\Mailer.php(126): PHPMailer->send()
#4 C:\wamp64\www\UserFrostTest\app\sprinkles\account\src\Controller\AccountController.php(668): UserFrosting\Sprinkle\Core\Mail\Mailer->send(Object(UserFrosting\Sprinkle\Core\Mail\TwigMailMessage))
#5 C:\wamp64\www\UserFrostTest\app\vendor\illuminate\database\Connection.php(569): UserFrosting\Sprinkle\Account\Controller\AccountController->UserFrosting\Sprinkle\Account\Controller\{closure}(Object(Illuminate\Database\MySqlConnection))
#6 C:\wamp64\www\UserFrostTest\app\vendor\illuminate\database\Capsule\Manager.php(199): Illuminate\Database\Connection->transaction(Object(Closure))
#7 C:\wamp64\www\UserFrostTest\app\sprinkles\account\src\Controller\AccountController.php(675): Illuminate\Database\Capsule\Manager::__callStatic('transaction', Array)
#8 [internal function]: UserFrosting\Sprinkle\Account\Controller\AccountController->register(Object(Slim\Http\Request), Object(Slim\Http\Response), Array)
#9 C:\wamp64\www\UserFrostTest\app\vendor\slim\slim\Slim\Handlers\Strategies\RequestResponse.php(41): call_user_func(Array, Object(Slim\Http\Request), Object(Slim\Http\Response), Array)
#10 C:\wamp64\www\UserFrostTest\app\vendor\slim\slim\Slim\Route.php(344): Slim\Handlers\Strategies\RequestResponse->__invoke(Array, Object(Slim\Http\Request), Object(Slim\Http\Response), Array)
#11 C:\wamp64\www\UserFrostTest\app\vendor\slim\slim\Slim\MiddlewareAwareTrait.php(116): Slim\Route->__invoke(Object(Slim\Http\Request), Object(Slim\Http\Response))
#12 C:\wamp64\www\UserFrostTest\app\vendor\slim\slim\Slim\Route.php(316): Slim\Route->callMiddlewareStack(Object(Slim\Http\Request), Object(Slim\Http\Response))
#13 C:\wamp64\www\UserFrostTest\app\vendor\slim\slim\Slim\App.php(438): Slim\Route->run(Object(Slim\Http\Request), Object(Slim\Http\Response))
#14 C:\wamp64\www\UserFrostTest\app\vendor\slim\csrf\src\Guard.php(177): Slim\App->__invoke(Object(Slim\Http\Request), Object(Slim\Http\Response))
#15 [internal function]: Slim\Csrf\Guard->__invoke(Object(Slim\Http\Request), Object(Slim\Http\Response), Object(Slim\App))
#16 C:\wamp64\www\UserFrostTest\app\vendor\slim\slim\Slim\DeferredCallable.php(43): call_user_func_array(Object(Slim\Csrf\Guard), Array)
#17 [internal function]: Slim\DeferredCallable->__invoke(Object(Slim\Http\Request), Object(Slim\Http\Response), Object(Slim\App))
#18 C:\wamp64\www\UserFrostTest\app\vendor\slim\slim\Slim\MiddlewareAwareTrait.php(67): call_user_func(Object(Slim\DeferredCallable), Object(Slim\Http\Request), Object(Slim\Http\Response), Object(Slim\App))
#19 C:\wamp64\www\UserFrostTest\app\vendor\slim\slim\Slim\MiddlewareAwareTrait.php(116): Slim\App->Slim\{closure}(Object(Slim\Http\Request), Object(Slim\Http\Response))
#20 C:\wamp64\www\UserFrostTest\app\vendor\slim\slim\Slim\App.php(332): Slim\App->callMiddlewareStack(Object(Slim\Http\Request), Object(Slim\Http\Response))
#21 C:\wamp64\www\UserFrostTest\app\vendor\slim\slim\Slim\App.php(293): Slim\App->process(Object(Slim\Http\Request), Object(Slim\Http\Response))
#22 C:\wamp64\www\UserFrostTest\public\index.php(57): Slim\App->run()
#23 {main}
View in rendered output by enabling the "displayErrorDetails" setting.
 [] []
[2017-02-01 03:15:54] errors.ERROR: Slim Application Error:
Type: PDOException
Code: 1045
Message: SQLSTATE[HY000] [1045] Access denied for user ''@'localhost' (using password: NO)
File: C:\wamp64\www\UserFrostTest\app\sprinkles\account\src\Authenticate\Authenticator.php
Line: 96
Trace: #0 C:\wamp64\www\UserFrostTest\app\sprinkles\account\src\Authenticate\Authenticator.php(96): PDO->__construct('mysql:host=;dbn...', '', '')
#1 C:\wamp64\www\UserFrostTest\app\sprinkles\account\src\ServicesProvider\AccountServicesProvider.php(174): UserFrosting\Sprinkle\Account\Authenticate\Authenticator->__construct(Object(UserFrosting\Sprinkle\Core\Util\ClassMapper), Object(UserFrosting\Session\Session), Object(UserFrosting\Config\Config))
#2 C:\wamp64\www\UserFrostTest\app\vendor\pimple\pimple\src\Pimple\Container.php(113): UserFrosting\Sprinkle\Account\ServicesProvider\AccountServicesProvider->UserFrosting\Sprinkle\Account\ServicesProvider\{closure}(Object(Slim\Container))
#3 C:\wamp64\www\UserFrostTest\app\vendor\slim\slim\Slim\Container.php(123): Pimple\Container->offsetGet('authenticator')
#4 C:\wamp64\www\UserFrostTest\app\vendor\slim\slim\Slim\Container.php(172): Slim\Container->get('authenticator')
#5 C:\wamp64\www\UserFrostTest\app\sprinkles\account\src\ServicesProvider\AccountServicesProvider.php(182): Slim\Container->__get('authenticator')
#6 C:\wamp64\www\UserFrostTest\app\vendor\pimple\pimple\src\Pimple\Container.php(113): UserFrosting\Sprinkle\Account\ServicesProvider\AccountServicesProvider->UserFrosting\Sprinkle\Account\ServicesProvider\{closure}(Object(Slim\Container))
#7 C:\wamp64\www\UserFrostTest\app\vendor\slim\slim\Slim\Container.php(123): Pimple\Container->offsetGet('authGuard')
#8 C:\wamp64\www\UserFrostTest\app\vendor\slim\slim\Slim\CallableResolver.php(71): Slim\Container->get('authGuard')
#9 C:\wamp64\www\UserFrostTest\app\vendor\slim\slim\Slim\CallableResolverAwareTrait.php(45): Slim\CallableResolver->resolve('authGuard')
#10 C:\wamp64\www\UserFrostTest\app\vendor\slim\slim\Slim\DeferredCallable.php(36): Slim\DeferredCallable->resolveCallable('authGuard')
#11 [internal function]: Slim\DeferredCallable->__invoke(Object(Slim\Http\Request), Object(Slim\Http\Response), Object(Slim\Route))
#12 C:\wamp64\www\UserFrostTest\app\vendor\slim\slim\Slim\MiddlewareAwareTrait.php(67): call_user_func(Object(Slim\DeferredCallable), Object(Slim\Http\Request), Object(Slim\Http\Response), Object(Slim\Route))
#13 C:\wamp64\www\UserFrostTest\app\vendor\slim\slim\Slim\MiddlewareAwareTrait.php(116): Slim\Route->Slim\{closure}(Object(Slim\Http\Request), Object(Slim\Http\Response))
#14 C:\wamp64\www\UserFrostTest\app\vendor\slim\slim\Slim\Route.php(316): Slim\Route->callMiddlewareStack(Object(Slim\Http\Request), Object(Slim\Http\Response))
#15 C:\wamp64\www\UserFrostTest\app\vendor\slim\slim\Slim\App.php(438): Slim\Route->run(Object(Slim\Http\Request), Object(Slim\Http\Response))
#16 C:\wamp64\www\UserFrostTest\app\vendor\slim\csrf\src\Guard.php(177): Slim\App->__invoke(Object(Slim\Http\Request), Object(Slim\Http\Response))
#17 [internal function]: Slim\Csrf\Guard->__invoke(Object(Slim\Http\Request), Object(Slim\Http\Response), Object(Slim\App))
#18 C:\wamp64\www\UserFrostTest\app\vendor\slim\slim\Slim\DeferredCallable.php(43): call_user_func_array(Object(Slim\Csrf\Guard), Array)
#19 [internal function]: Slim\DeferredCallable->__invoke(Object(Slim\Http\Request), Object(Slim\Http\Response), Object(Slim\App))
#20 C:\wamp64\www\UserFrostTest\app\vendor\slim\slim\Slim\MiddlewareAwareTrait.php(67): call_user_func(Object(Slim\DeferredCallable), Object(Slim\Http\Request), Object(Slim\Http\Response), Object(Slim\App))
#21 C:\wamp64\www\UserFrostTest\app\vendor\slim\slim\Slim\MiddlewareAwareTrait.php(116): Slim\App->Slim\{closure}(Object(Slim\Http\Request), Object(Slim\Http\Response))
#22 C:\wamp64\www\UserFrostTest\app\vendor\slim\slim\Slim\App.php(332): Slim\App->callMiddlewareStack(Object(Slim\Http\Request), Object(Slim\Http\Response))
#23 C:\wamp64\www\UserFrostTest\app\vendor\slim\slim\Slim\App.php(293): Slim\App->process(Object(Slim\Http\Request), Object(Slim\Http\Response))
#24 C:\wamp64\www\UserFrostTest\public\index.php(57): Slim\App->run()
#25 {main}
View in rendered output by enabling the "displayErrorDetails" setting.
 [] []
[2017-02-03 15:01:08] errors.ERROR: Slim Application Error:
Type: PDOException
Code: 1045
Message: SQLSTATE[HY000] [1045] Access denied for user ''@'localhost' (using password: NO)
File: C:\wamp64\www\UserFrostTest\app\sprinkles\account\src\Authenticate\Authenticator.php
Line: 96
Trace: #0 C:\wamp64\www\UserFrostTest\app\sprinkles\account\src\Authenticate\Authenticator.php(96): PDO->__construct('mysql:host=;dbn...', '', '')
#1 C:\wamp64\www\UserFrostTest\app\sprinkles\account\src\ServicesProvider\AccountServicesProvider.php(174): UserFrosting\Sprinkle\Account\Authenticate\Authenticator->__construct(Object(UserFrosting\Sprinkle\Core\Util\ClassMapper), Object(UserFrosting\Session\Session), Object(UserFrosting\Config\Config))
#2 C:\wamp64\www\UserFrostTest\app\vendor\pimple\pimple\src\Pimple\Container.php(113): UserFrosting\Sprinkle\Account\ServicesProvider\AccountServicesProvider->UserFrosting\Sprinkle\Account\ServicesProvider\{closure}(Object(Slim\Container))
#3 C:\wamp64\www\UserFrostTest\app\vendor\slim\slim\Slim\Container.php(123): Pimple\Container->offsetGet('authenticator')
#4 C:\wamp64\www\UserFrostTest\app\vendor\slim\slim\Slim\Container.php(172): Slim\Container->get('authenticator')
#5 C:\wamp64\www\UserFrostTest\app\sprinkles\account\src\ServicesProvider\AccountServicesProvider.php(182): Slim\Container->__get('authenticator')
#6 C:\wamp64\www\UserFrostTest\app\vendor\pimple\pimple\src\Pimple\Container.php(113): UserFrosting\Sprinkle\Account\ServicesProvider\AccountServicesProvider->UserFrosting\Sprinkle\Account\ServicesProvider\{closure}(Object(Slim\Container))
#7 C:\wamp64\www\UserFrostTest\app\vendor\slim\slim\Slim\Container.php(123): Pimple\Container->offsetGet('authGuard')
#8 C:\wamp64\www\UserFrostTest\app\vendor\slim\slim\Slim\CallableResolver.php(71): Slim\Container->get('authGuard')
#9 C:\wamp64\www\UserFrostTest\app\vendor\slim\slim\Slim\CallableResolverAwareTrait.php(45): Slim\CallableResolver->resolve('authGuard')
#10 C:\wamp64\www\UserFrostTest\app\vendor\slim\slim\Slim\DeferredCallable.php(36): Slim\DeferredCallable->resolveCallable('authGuard')
#11 [internal function]: Slim\DeferredCallable->__invoke(Object(Slim\Http\Request), Object(Slim\Http\Response), Object(Slim\Route))
#12 C:\wamp64\www\UserFrostTest\app\vendor\slim\slim\Slim\MiddlewareAwareTrait.php(67): call_user_func(Object(Slim\DeferredCallable), Object(Slim\Http\Request), Object(Slim\Http\Response), Object(Slim\Route))
#13 C:\wamp64\www\UserFrostTest\app\vendor\slim\slim\Slim\MiddlewareAwareTrait.php(116): Slim\Route->Slim\{closure}(Object(Slim\Http\Request), Object(Slim\Http\Response))
#14 C:\wamp64\www\UserFrostTest\app\vendor\slim\slim\Slim\Route.php(316): Slim\Route->callMiddlewareStack(Object(Slim\Http\Request), Object(Slim\Http\Response))
#15 C:\wamp64\www\UserFrostTest\app\vendor\slim\slim\Slim\App.php(438): Slim\Route->run(Object(Slim\Http\Request), Object(Slim\Http\Response))
#16 C:\wamp64\www\UserFrostTest\app\vendor\slim\csrf\src\Guard.php(177): Slim\App->__invoke(Object(Slim\Http\Request), Object(Slim\Http\Response))
#17 [internal function]: Slim\Csrf\Guard->__invoke(Object(Slim\Http\Request), Object(Slim\Http\Response), Object(Slim\App))
#18 C:\wamp64\www\UserFrostTest\app\vendor\slim\slim\Slim\DeferredCallable.php(43): call_user_func_array(Object(Slim\Csrf\Guard), Array)
#19 [internal function]: Slim\DeferredCallable->__invoke(Object(Slim\Http\Request), Object(Slim\Http\Response), Object(Slim\App))
#20 C:\wamp64\www\UserFrostTest\app\vendor\slim\slim\Slim\MiddlewareAwareTrait.php(67): call_user_func(Object(Slim\DeferredCallable), Object(Slim\Http\Request), Object(Slim\Http\Response), Object(Slim\App))
#21 C:\wamp64\www\UserFrostTest\app\vendor\slim\slim\Slim\MiddlewareAwareTrait.php(116): Slim\App->Slim\{closure}(Object(Slim\Http\Request), Object(Slim\Http\Response))
#22 C:\wamp64\www\UserFrostTest\app\vendor\slim\slim\Slim\App.php(332): Slim\App->callMiddlewareStack(Object(Slim\Http\Request), Object(Slim\Http\Response))
#23 C:\wamp64\www\UserFrostTest\app\vendor\slim\slim\Slim\App.php(293): Slim\App->process(Object(Slim\Http\Request), Object(Slim\Http\Response))
#24 C:\wamp64\www\UserFrostTest\public\index.php(57): Slim\App->run()
#25 {main}
View in rendered output by enabling the "displayErrorDetails" setting.
 [] []
[2017-02-03 15:01:14] errors.ERROR: Slim Application Error:
Type: PDOException
Code: 1045
Message: SQLSTATE[HY000] [1045] Access denied for user ''@'localhost' (using password: NO)
File: C:\wamp64\www\UserFrostTest\app\sprinkles\account\src\Authenticate\Authenticator.php
Line: 96
Trace: #0 C:\wamp64\www\UserFrostTest\app\sprinkles\account\src\Authenticate\Authenticator.php(96): PDO->__construct('mysql:host=;dbn...', '', '')
#1 C:\wamp64\www\UserFrostTest\app\sprinkles\account\src\ServicesProvider\AccountServicesProvider.php(174): UserFrosting\Sprinkle\Account\Authenticate\Authenticator->__construct(Object(UserFrosting\Sprinkle\Core\Util\ClassMapper), Object(UserFrosting\Session\Session), Object(UserFrosting\Config\Config))
#2 C:\wamp64\www\UserFrostTest\app\vendor\pimple\pimple\src\Pimple\Container.php(113): UserFrosting\Sprinkle\Account\ServicesProvider\AccountServicesProvider->UserFrosting\Sprinkle\Account\ServicesProvider\{closure}(Object(Slim\Container))
#3 C:\wamp64\www\UserFrostTest\app\vendor\slim\slim\Slim\Container.php(123): Pimple\Container->offsetGet('authenticator')
#4 C:\wamp64\www\UserFrostTest\app\vendor\slim\slim\Slim\Container.php(172): Slim\Container->get('authenticator')
#5 C:\wamp64\www\UserFrostTest\app\sprinkles\account\src\ServicesProvider\AccountServicesProvider.php(182): Slim\Container->__get('authenticator')
#6 C:\wamp64\www\UserFrostTest\app\vendor\pimple\pimple\src\Pimple\Container.php(113): UserFrosting\Sprinkle\Account\ServicesProvider\AccountServicesProvider->UserFrosting\Sprinkle\Account\ServicesProvider\{closure}(Object(Slim\Container))
#7 C:\wamp64\www\UserFrostTest\app\vendor\slim\slim\Slim\Container.php(123): Pimple\Container->offsetGet('authGuard')
#8 C:\wamp64\www\UserFrostTest\app\vendor\slim\slim\Slim\CallableResolver.php(71): Slim\Container->get('authGuard')
#9 C:\wamp64\www\UserFrostTest\app\vendor\slim\slim\Slim\CallableResolverAwareTrait.php(45): Slim\CallableResolver->resolve('authGuard')
#10 C:\wamp64\www\UserFrostTest\app\vendor\slim\slim\Slim\DeferredCallable.php(36): Slim\DeferredCallable->resolveCallable('authGuard')
#11 [internal function]: Slim\DeferredCallable->__invoke(Object(Slim\Http\Request), Object(Slim\Http\Response), Object(Slim\Route))
#12 C:\wamp64\www\UserFrostTest\app\vendor\slim\slim\Slim\MiddlewareAwareTrait.php(67): call_user_func(Object(Slim\DeferredCallable), Object(Slim\Http\Request), Object(Slim\Http\Response), Object(Slim\Route))
#13 C:\wamp64\www\UserFrostTest\app\vendor\slim\slim\Slim\MiddlewareAwareTrait.php(116): Slim\Route->Slim\{closure}(Object(Slim\Http\Request), Object(Slim\Http\Response))
#14 C:\wamp64\www\UserFrostTest\app\vendor\slim\slim\Slim\Route.php(316): Slim\Route->callMiddlewareStack(Object(Slim\Http\Request), Object(Slim\Http\Response))
#15 C:\wamp64\www\UserFrostTest\app\vendor\slim\slim\Slim\App.php(438): Slim\Route->run(Object(Slim\Http\Request), Object(Slim\Http\Response))
#16 C:\wamp64\www\UserFrostTest\app\vendor\slim\csrf\src\Guard.php(177): Slim\App->__invoke(Object(Slim\Http\Request), Object(Slim\Http\Response))
#17 [internal function]: Slim\Csrf\Guard->__invoke(Object(Slim\Http\Request), Object(Slim\Http\Response), Object(Slim\App))
#18 C:\wamp64\www\UserFrostTest\app\vendor\slim\slim\Slim\DeferredCallable.php(43): call_user_func_array(Object(Slim\Csrf\Guard), Array)
#19 [internal function]: Slim\DeferredCallable->__invoke(Object(Slim\Http\Request), Object(Slim\Http\Response), Object(Slim\App))
#20 C:\wamp64\www\UserFrostTest\app\vendor\slim\slim\Slim\MiddlewareAwareTrait.php(67): call_user_func(Object(Slim\DeferredCallable), Object(Slim\Http\Request), Object(Slim\Http\Response), Object(Slim\App))
#21 C:\wamp64\www\UserFrostTest\app\vendor\slim\slim\Slim\MiddlewareAwareTrait.php(116): Slim\App->Slim\{closure}(Object(Slim\Http\Request), Object(Slim\Http\Response))
#22 C:\wamp64\www\UserFrostTest\app\vendor\slim\slim\Slim\App.php(332): Slim\App->callMiddlewareStack(Object(Slim\Http\Request), Object(Slim\Http\Response))
#23 C:\wamp64\www\UserFrostTest\app\vendor\slim\slim\Slim\App.php(293): Slim\App->process(Object(Slim\Http\Request), Object(Slim\Http\Response))
#24 C:\wamp64\www\UserFrostTest\public\index.php(57): Slim\App->run()
#25 {main}
View in rendered output by enabling the "displayErrorDetails" setting.
 [] []
[2017-02-03 15:07:17] errors.ERROR: Slim Application Error:
Type: PDOException
Code: 1045
Message: SQLSTATE[HY000] [1045] Access denied for user ''@'localhost' (using password: NO)
File: C:\wamp64\www\UserFrostTest\app\sprinkles\account\src\Authenticate\Authenticator.php
Line: 96
Trace: #0 C:\wamp64\www\UserFrostTest\app\sprinkles\account\src\Authenticate\Authenticator.php(96): PDO->__construct('mysql:host=;dbn...', '', '')
#1 C:\wamp64\www\UserFrostTest\app\sprinkles\account\src\ServicesProvider\AccountServicesProvider.php(174): UserFrosting\Sprinkle\Account\Authenticate\Authenticator->__construct(Object(UserFrosting\Sprinkle\Core\Util\ClassMapper), Object(UserFrosting\Session\Session), Object(UserFrosting\Config\Config))
#2 C:\wamp64\www\UserFrostTest\app\vendor\pimple\pimple\src\Pimple\Container.php(113): UserFrosting\Sprinkle\Account\ServicesProvider\AccountServicesProvider->UserFrosting\Sprinkle\Account\ServicesProvider\{closure}(Object(Slim\Container))
#3 C:\wamp64\www\UserFrostTest\app\vendor\slim\slim\Slim\Container.php(123): Pimple\Container->offsetGet('authenticator')
#4 C:\wamp64\www\UserFrostTest\app\vendor\slim\slim\Slim\Container.php(172): Slim\Container->get('authenticator')
#5 C:\wamp64\www\UserFrostTest\app\sprinkles\account\src\ServicesProvider\AccountServicesProvider.php(182): Slim\Container->__get('authenticator')
#6 C:\wamp64\www\UserFrostTest\app\vendor\pimple\pimple\src\Pimple\Container.php(113): UserFrosting\Sprinkle\Account\ServicesProvider\AccountServicesProvider->UserFrosting\Sprinkle\Account\ServicesProvider\{closure}(Object(Slim\Container))
#7 C:\wamp64\www\UserFrostTest\app\vendor\slim\slim\Slim\Container.php(123): Pimple\Container->offsetGet('authGuard')
#8 C:\wamp64\www\UserFrostTest\app\vendor\slim\slim\Slim\CallableResolver.php(71): Slim\Container->get('authGuard')
#9 C:\wamp64\www\UserFrostTest\app\vendor\slim\slim\Slim\CallableResolverAwareTrait.php(45): Slim\CallableResolver->resolve('authGuard')
#10 C:\wamp64\www\UserFrostTest\app\vendor\slim\slim\Slim\DeferredCallable.php(36): Slim\DeferredCallable->resolveCallable('authGuard')
#11 [internal function]: Slim\DeferredCallable->__invoke(Object(Slim\Http\Request), Object(Slim\Http\Response), Object(Slim\Route))
#12 C:\wamp64\www\UserFrostTest\app\vendor\slim\slim\Slim\MiddlewareAwareTrait.php(67): call_user_func(Object(Slim\DeferredCallable), Object(Slim\Http\Request), Object(Slim\Http\Response), Object(Slim\Route))
#13 C:\wamp64\www\UserFrostTest\app\vendor\slim\slim\Slim\MiddlewareAwareTrait.php(116): Slim\Route->Slim\{closure}(Object(Slim\Http\Request), Object(Slim\Http\Response))
#14 C:\wamp64\www\UserFrostTest\app\vendor\slim\slim\Slim\Route.php(316): Slim\Route->callMiddlewareStack(Object(Slim\Http\Request), Object(Slim\Http\Response))
#15 C:\wamp64\www\UserFrostTest\app\vendor\slim\slim\Slim\App.php(438): Slim\Route->run(Object(Slim\Http\Request), Object(Slim\Http\Response))
#16 C:\wamp64\www\UserFrostTest\app\vendor\slim\csrf\src\Guard.php(177): Slim\App->__invoke(Object(Slim\Http\Request), Object(Slim\Http\Response))
#17 [internal function]: Slim\Csrf\Guard->__invoke(Object(Slim\Http\Request), Object(Slim\Http\Response), Object(Slim\App))
#18 C:\wamp64\www\UserFrostTest\app\vendor\slim\slim\Slim\DeferredCallable.php(43): call_user_func_array(Object(Slim\Csrf\Guard), Array)
#19 [internal function]: Slim\DeferredCallable->__invoke(Object(Slim\Http\Request), Object(Slim\Http\Response), Object(Slim\App))
#20 C:\wamp64\www\UserFrostTest\app\vendor\slim\slim\Slim\MiddlewareAwareTrait.php(67): call_user_func(Object(Slim\DeferredCallable), Object(Slim\Http\Request), Object(Slim\Http\Response), Object(Slim\App))
#21 C:\wamp64\www\UserFrostTest\app\vendor\slim\slim\Slim\MiddlewareAwareTrait.php(116): Slim\App->Slim\{closure}(Object(Slim\Http\Request), Object(Slim\Http\Response))
#22 C:\wamp64\www\UserFrostTest\app\vendor\slim\slim\Slim\App.php(332): Slim\App->callMiddlewareStack(Object(Slim\Http\Request), Object(Slim\Http\Response))
#23 C:\wamp64\www\UserFrostTest\app\vendor\slim\slim\Slim\App.php(293): Slim\App->process(Object(Slim\Http\Request), Object(Slim\Http\Response))
#24 C:\wamp64\www\UserFrostTest\public\index.php(57): Slim\App->run()
#25 {main}
View in rendered output by enabling the "displayErrorDetails" setting.
 [] []
[2017-02-03 15:08:23] errors.ERROR: Slim Application Error:
Type: UserFrosting\Support\Exception\ForbiddenException
File: C:\wamp64\www\UserFrostTest\app\sprinkles\admin\src\Controller\UserController.php
Line: 589
Trace: #0 [internal function]: UserFrosting\Sprinkle\Admin\Controller\UserController->getModalEdit(Object(Slim\Http\Request), Object(Slim\Http\Response), Array)
#1 C:\wamp64\www\UserFrostTest\app\vendor\slim\slim\Slim\Handlers\Strategies\RequestResponse.php(41): call_user_func(Array, Object(Slim\Http\Request), Object(Slim\Http\Response), Array)
#2 C:\wamp64\www\UserFrostTest\app\vendor\slim\slim\Slim\Route.php(344): Slim\Handlers\Strategies\RequestResponse->__invoke(Array, Object(Slim\Http\Request), Object(Slim\Http\Response), Array)
#3 C:\wamp64\www\UserFrostTest\app\sprinkles\account\src\Authenticate\AuthGuard.php(52): Slim\Route->__invoke(Object(Slim\Http\Request), Object(Slim\Http\Response))
#4 [internal function]: UserFrosting\Sprinkle\Account\Authenticate\AuthGuard->__invoke(Object(Slim\Http\Request), Object(Slim\Http\Response), Object(Slim\Route))
#5 C:\wamp64\www\UserFrostTest\app\vendor\slim\slim\Slim\DeferredCallable.php(43): call_user_func_array(Object(UserFrosting\Sprinkle\Account\Authenticate\AuthGuard), Array)
#6 [internal function]: Slim\DeferredCallable->__invoke(Object(Slim\Http\Request), Object(Slim\Http\Response), Object(Slim\Route))
#7 C:\wamp64\www\UserFrostTest\app\vendor\slim\slim\Slim\MiddlewareAwareTrait.php(67): call_user_func(Object(Slim\DeferredCallable), Object(Slim\Http\Request), Object(Slim\Http\Response), Object(Slim\Route))
#8 C:\wamp64\www\UserFrostTest\app\vendor\slim\slim\Slim\MiddlewareAwareTrait.php(116): Slim\Route->Slim\{closure}(Object(Slim\Http\Request), Object(Slim\Http\Response))
#9 C:\wamp64\www\UserFrostTest\app\vendor\slim\slim\Slim\Route.php(316): Slim\Route->callMiddlewareStack(Object(Slim\Http\Request), Object(Slim\Http\Response))
#10 C:\wamp64\www\UserFrostTest\app\vendor\slim\slim\Slim\App.php(438): Slim\Route->run(Object(Slim\Http\Request), Object(Slim\Http\Response))
#11 C:\wamp64\www\UserFrostTest\app\vendor\slim\csrf\src\Guard.php(177): Slim\App->__invoke(Object(Slim\Http\Request), Object(Slim\Http\Response))
#12 [internal function]: Slim\Csrf\Guard->__invoke(Object(Slim\Http\Request), Object(Slim\Http\Response), Object(Slim\App))
#13 C:\wamp64\www\UserFrostTest\app\vendor\slim\slim\Slim\DeferredCallable.php(43): call_user_func_array(Object(Slim\Csrf\Guard), Array)
#14 [internal function]: Slim\DeferredCallable->__invoke(Object(Slim\Http\Request), Object(Slim\Http\Response), Object(Slim\App))
#15 C:\wamp64\www\UserFrostTest\app\vendor\slim\slim\Slim\MiddlewareAwareTrait.php(67): call_user_func(Object(Slim\DeferredCallable), Object(Slim\Http\Request), Object(Slim\Http\Response), Object(Slim\App))
#16 C:\wamp64\www\UserFrostTest\app\vendor\slim\slim\Slim\MiddlewareAwareTrait.php(116): Slim\App->Slim\{closure}(Object(Slim\Http\Request), Object(Slim\Http\Response))
#17 C:\wamp64\www\UserFrostTest\app\vendor\slim\slim\Slim\App.php(332): Slim\App->callMiddlewareStack(Object(Slim\Http\Request), Object(Slim\Http\Response))
#18 C:\wamp64\www\UserFrostTest\app\vendor\slim\slim\Slim\App.php(293): Slim\App->process(Object(Slim\Http\Request), Object(Slim\Http\Response))
#19 C:\wamp64\www\UserFrostTest\public\index.php(57): Slim\App->run()
#20 {main}
View in rendered output by enabling the "displayErrorDetails" setting.
 [] []
[2017-02-03 15:08:27] errors.ERROR: Slim Application Error:
Type: UserFrosting\Support\Exception\ForbiddenException
File: C:\wamp64\www\UserFrostTest\app\sprinkles\admin\src\Controller\UserController.php
Line: 589
Trace: #0 [internal function]: UserFrosting\Sprinkle\Admin\Controller\UserController->getModalEdit(Object(Slim\Http\Request), Object(Slim\Http\Response), Array)
#1 C:\wamp64\www\UserFrostTest\app\vendor\slim\slim\Slim\Handlers\Strategies\RequestResponse.php(41): call_user_func(Array, Object(Slim\Http\Request), Object(Slim\Http\Response), Array)
#2 C:\wamp64\www\UserFrostTest\app\vendor\slim\slim\Slim\Route.php(344): Slim\Handlers\Strategies\RequestResponse->__invoke(Array, Object(Slim\Http\Request), Object(Slim\Http\Response), Array)
#3 C:\wamp64\www\UserFrostTest\app\sprinkles\account\src\Authenticate\AuthGuard.php(52): Slim\Route->__invoke(Object(Slim\Http\Request), Object(Slim\Http\Response))
#4 [internal function]: UserFrosting\Sprinkle\Account\Authenticate\AuthGuard->__invoke(Object(Slim\Http\Request), Object(Slim\Http\Response), Object(Slim\Route))
#5 C:\wamp64\www\UserFrostTest\app\vendor\slim\slim\Slim\DeferredCallable.php(43): call_user_func_array(Object(UserFrosting\Sprinkle\Account\Authenticate\AuthGuard), Array)
#6 [internal function]: Slim\DeferredCallable->__invoke(Object(Slim\Http\Request), Object(Slim\Http\Response), Object(Slim\Route))
#7 C:\wamp64\www\UserFrostTest\app\vendor\slim\slim\Slim\MiddlewareAwareTrait.php(67): call_user_func(Object(Slim\DeferredCallable), Object(Slim\Http\Request), Object(Slim\Http\Response), Object(Slim\Route))
#8 C:\wamp64\www\UserFrostTest\app\vendor\slim\slim\Slim\MiddlewareAwareTrait.php(116): Slim\Route->Slim\{closure}(Object(Slim\Http\Request), Object(Slim\Http\Response))
#9 C:\wamp64\www\UserFrostTest\app\vendor\slim\slim\Slim\Route.php(316): Slim\Route->callMiddlewareStack(Object(Slim\Http\Request), Object(Slim\Http\Response))
#10 C:\wamp64\www\UserFrostTest\app\vendor\slim\slim\Slim\App.php(438): Slim\Route->run(Object(Slim\Http\Request), Object(Slim\Http\Response))
#11 C:\wamp64\www\UserFrostTest\app\vendor\slim\csrf\src\Guard.php(177): Slim\App->__invoke(Object(Slim\Http\Request), Object(Slim\Http\Response))
#12 [internal function]: Slim\Csrf\Guard->__invoke(Object(Slim\Http\Request), Object(Slim\Http\Response), Object(Slim\App))
#13 C:\wamp64\www\UserFrostTest\app\vendor\slim\slim\Slim\DeferredCallable.php(43): call_user_func_array(Object(Slim\Csrf\Guard), Array)
#14 [internal function]: Slim\DeferredCallable->__invoke(Object(Slim\Http\Request), Object(Slim\Http\Response), Object(Slim\App))
#15 C:\wamp64\www\UserFrostTest\app\vendor\slim\slim\Slim\MiddlewareAwareTrait.php(67): call_user_func(Object(Slim\DeferredCallable), Object(Slim\Http\Request), Object(Slim\Http\Response), Object(Slim\App))
#16 C:\wamp64\www\UserFrostTest\app\vendor\slim\slim\Slim\MiddlewareAwareTrait.php(116): Slim\App->Slim\{closure}(Object(Slim\Http\Request), Object(Slim\Http\Response))
#17 C:\wamp64\www\UserFrostTest\app\vendor\slim\slim\Slim\App.php(332): Slim\App->callMiddlewareStack(Object(Slim\Http\Request), Object(Slim\Http\Response))
#18 C:\wamp64\www\UserFrostTest\app\vendor\slim\slim\Slim\App.php(293): Slim\App->process(Object(Slim\Http\Request), Object(Slim\Http\Response))
#19 C:\wamp64\www\UserFrostTest\public\index.php(57): Slim\App->run()
#20 {main}
View in rendered output by enabling the "displayErrorDetails" setting.
 [] []
[2017-02-03 15:08:29] errors.ERROR: Slim Application Error:
Type: UserFrosting\Support\Exception\ForbiddenException
File: C:\wamp64\www\UserFrostTest\app\sprinkles\admin\src\Controller\UserController.php
Line: 710
Trace: #0 [internal function]: UserFrosting\Sprinkle\Admin\Controller\UserController->getModalEditRoles(Object(Slim\Http\Request), Object(Slim\Http\Response), Array)
#1 C:\wamp64\www\UserFrostTest\app\vendor\slim\slim\Slim\Handlers\Strategies\RequestResponse.php(41): call_user_func(Array, Object(Slim\Http\Request), Object(Slim\Http\Response), Array)
#2 C:\wamp64\www\UserFrostTest\app\vendor\slim\slim\Slim\Route.php(344): Slim\Handlers\Strategies\RequestResponse->__invoke(Array, Object(Slim\Http\Request), Object(Slim\Http\Response), Array)
#3 C:\wamp64\www\UserFrostTest\app\sprinkles\account\src\Authenticate\AuthGuard.php(52): Slim\Route->__invoke(Object(Slim\Http\Request), Object(Slim\Http\Response))
#4 [internal function]: UserFrosting\Sprinkle\Account\Authenticate\AuthGuard->__invoke(Object(Slim\Http\Request), Object(Slim\Http\Response), Object(Slim\Route))
#5 C:\wamp64\www\UserFrostTest\app\vendor\slim\slim\Slim\DeferredCallable.php(43): call_user_func_array(Object(UserFrosting\Sprinkle\Account\Authenticate\AuthGuard), Array)
#6 [internal function]: Slim\DeferredCallable->__invoke(Object(Slim\Http\Request), Object(Slim\Http\Response), Object(Slim\Route))
#7 C:\wamp64\www\UserFrostTest\app\vendor\slim\slim\Slim\MiddlewareAwareTrait.php(67): call_user_func(Object(Slim\DeferredCallable), Object(Slim\Http\Request), Object(Slim\Http\Response), Object(Slim\Route))
#8 C:\wamp64\www\UserFrostTest\app\vendor\slim\slim\Slim\MiddlewareAwareTrait.php(116): Slim\Route->Slim\{closure}(Object(Slim\Http\Request), Object(Slim\Http\Response))
#9 C:\wamp64\www\UserFrostTest\app\vendor\slim\slim\Slim\Route.php(316): Slim\Route->callMiddlewareStack(Object(Slim\Http\Request), Object(Slim\Http\Response))
#10 C:\wamp64\www\UserFrostTest\app\vendor\slim\slim\Slim\App.php(438): Slim\Route->run(Object(Slim\Http\Request), Object(Slim\Http\Response))
#11 C:\wamp64\www\UserFrostTest\app\vendor\slim\csrf\src\Guard.php(177): Slim\App->__invoke(Object(Slim\Http\Request), Object(Slim\Http\Response))
#12 [internal function]: Slim\Csrf\Guard->__invoke(Object(Slim\Http\Request), Object(Slim\Http\Response), Object(Slim\App))
#13 C:\wamp64\www\UserFrostTest\app\vendor\slim\slim\Slim\DeferredCallable.php(43): call_user_func_array(Object(Slim\Csrf\Guard), Array)
#14 [internal function]: Slim\DeferredCallable->__invoke(Object(Slim\Http\Request), Object(Slim\Http\Response), Object(Slim\App))
#15 C:\wamp64\www\UserFrostTest\app\vendor\slim\slim\Slim\MiddlewareAwareTrait.php(67): call_user_func(Object(Slim\DeferredCallable), Object(Slim\Http\Request), Object(Slim\Http\Response), Object(Slim\App))
#16 C:\wamp64\www\UserFrostTest\app\vendor\slim\slim\Slim\MiddlewareAwareTrait.php(116): Slim\App->Slim\{closure}(Object(Slim\Http\Request), Object(Slim\Http\Response))
#17 C:\wamp64\www\UserFrostTest\app\vendor\slim\slim\Slim\App.php(332): Slim\App->callMiddlewareStack(Object(Slim\Http\Request), Object(Slim\Http\Response))
#18 C:\wamp64\www\UserFrostTest\app\vendor\slim\slim\Slim\App.php(293): Slim\App->process(Object(Slim\Http\Request), Object(Slim\Http\Response))
#19 C:\wamp64\www\UserFrostTest\public\index.php(57): Slim\App->run()
#20 {main}
View in rendered output by enabling the "displayErrorDetails" setting.
 [] []
[2017-02-03 15:08:33] errors.ERROR: Slim Application Error:
Type: UserFrosting\Support\Exception\ForbiddenException
File: C:\wamp64\www\UserFrostTest\app\sprinkles\admin\src\Controller\UserController.php
Line: 665
Trace: #0 [internal function]: UserFrosting\Sprinkle\Admin\Controller\UserController->getModalEditPassword(Object(Slim\Http\Request), Object(Slim\Http\Response), Array)
#1 C:\wamp64\www\UserFrostTest\app\vendor\slim\slim\Slim\Handlers\Strategies\RequestResponse.php(41): call_user_func(Array, Object(Slim\Http\Request), Object(Slim\Http\Response), Array)
#2 C:\wamp64\www\UserFrostTest\app\vendor\slim\slim\Slim\Route.php(344): Slim\Handlers\Strategies\RequestResponse->__invoke(Array, Object(Slim\Http\Request), Object(Slim\Http\Response), Array)
#3 C:\wamp64\www\UserFrostTest\app\sprinkles\account\src\Authenticate\AuthGuard.php(52): Slim\Route->__invoke(Object(Slim\Http\Request), Object(Slim\Http\Response))
#4 [internal function]: UserFrosting\Sprinkle\Account\Authenticate\AuthGuard->__invoke(Object(Slim\Http\Request), Object(Slim\Http\Response), Object(Slim\Route))
#5 C:\wamp64\www\UserFrostTest\app\vendor\slim\slim\Slim\DeferredCallable.php(43): call_user_func_array(Object(UserFrosting\Sprinkle\Account\Authenticate\AuthGuard), Array)
#6 [internal function]: Slim\DeferredCallable->__invoke(Object(Slim\Http\Request), Object(Slim\Http\Response), Object(Slim\Route))
#7 C:\wamp64\www\UserFrostTest\app\vendor\slim\slim\Slim\MiddlewareAwareTrait.php(67): call_user_func(Object(Slim\DeferredCallable), Object(Slim\Http\Request), Object(Slim\Http\Response), Object(Slim\Route))
#8 C:\wamp64\www\UserFrostTest\app\vendor\slim\slim\Slim\MiddlewareAwareTrait.php(116): Slim\Route->Slim\{closure}(Object(Slim\Http\Request), Object(Slim\Http\Response))
#9 C:\wamp64\www\UserFrostTest\app\vendor\slim\slim\Slim\Route.php(316): Slim\Route->callMiddlewareStack(Object(Slim\Http\Request), Object(Slim\Http\Response))
#10 C:\wamp64\www\UserFrostTest\app\vendor\slim\slim\Slim\App.php(438): Slim\Route->run(Object(Slim\Http\Request), Object(Slim\Http\Response))
#11 C:\wamp64\www\UserFrostTest\app\vendor\slim\csrf\src\Guard.php(177): Slim\App->__invoke(Object(Slim\Http\Request), Object(Slim\Http\Response))
#12 [internal function]: Slim\Csrf\Guard->__invoke(Object(Slim\Http\Request), Object(Slim\Http\Response), Object(Slim\App))
#13 C:\wamp64\www\UserFrostTest\app\vendor\slim\slim\Slim\DeferredCallable.php(43): call_user_func_array(Object(Slim\Csrf\Guard), Array)
#14 [internal function]: Slim\DeferredCallable->__invoke(Object(Slim\Http\Request), Object(Slim\Http\Response), Object(Slim\App))
#15 C:\wamp64\www\UserFrostTest\app\vendor\slim\slim\Slim\MiddlewareAwareTrait.php(67): call_user_func(Object(Slim\DeferredCallable), Object(Slim\Http\Request), Object(Slim\Http\Response), Object(Slim\App))
#16 C:\wamp64\www\UserFrostTest\app\vendor\slim\slim\Slim\MiddlewareAwareTrait.php(116): Slim\App->Slim\{closure}(Object(Slim\Http\Request), Object(Slim\Http\Response))
#17 C:\wamp64\www\UserFrostTest\app\vendor\slim\slim\Slim\App.php(332): Slim\App->callMiddlewareStack(Object(Slim\Http\Request), Object(Slim\Http\Response))
#18 C:\wamp64\www\UserFrostTest\app\vendor\slim\slim\Slim\App.php(293): Slim\App->process(Object(Slim\Http\Request), Object(Slim\Http\Response))
#19 C:\wamp64\www\UserFrostTest\public\index.php(57): Slim\App->run()
#20 {main}
View in rendered output by enabling the "displayErrorDetails" setting.
 [] []
[2017-02-03 15:08:55] errors.ERROR: Slim Application Error:
Type: UserFrosting\Support\Exception\ForbiddenException
File: C:\wamp64\www\UserFrostTest\app\sprinkles\admin\src\Controller\UserController.php
Line: 665
Trace: #0 [internal function]: UserFrosting\Sprinkle\Admin\Controller\UserController->getModalEditPassword(Object(Slim\Http\Request), Object(Slim\Http\Response), Array)
#1 C:\wamp64\www\UserFrostTest\app\vendor\slim\slim\Slim\Handlers\Strategies\RequestResponse.php(41): call_user_func(Array, Object(Slim\Http\Request), Object(Slim\Http\Response), Array)
#2 C:\wamp64\www\UserFrostTest\app\vendor\slim\slim\Slim\Route.php(344): Slim\Handlers\Strategies\RequestResponse->__invoke(Array, Object(Slim\Http\Request), Object(Slim\Http\Response), Array)
#3 C:\wamp64\www\UserFrostTest\app\sprinkles\account\src\Authenticate\AuthGuard.php(52): Slim\Route->__invoke(Object(Slim\Http\Request), Object(Slim\Http\Response))
#4 [internal function]: UserFrosting\Sprinkle\Account\Authenticate\AuthGuard->__invoke(Object(Slim\Http\Request), Object(Slim\Http\Response), Object(Slim\Route))
#5 C:\wamp64\www\UserFrostTest\app\vendor\slim\slim\Slim\DeferredCallable.php(43): call_user_func_array(Object(UserFrosting\Sprinkle\Account\Authenticate\AuthGuard), Array)
#6 [internal function]: Slim\DeferredCallable->__invoke(Object(Slim\Http\Request), Object(Slim\Http\Response), Object(Slim\Route))
#7 C:\wamp64\www\UserFrostTest\app\vendor\slim\slim\Slim\MiddlewareAwareTrait.php(67): call_user_func(Object(Slim\DeferredCallable), Object(Slim\Http\Request), Object(Slim\Http\Response), Object(Slim\Route))
#8 C:\wamp64\www\UserFrostTest\app\vendor\slim\slim\Slim\MiddlewareAwareTrait.php(116): Slim\Route->Slim\{closure}(Object(Slim\Http\Request), Object(Slim\Http\Response))
#9 C:\wamp64\www\UserFrostTest\app\vendor\slim\slim\Slim\Route.php(316): Slim\Route->callMiddlewareStack(Object(Slim\Http\Request), Object(Slim\Http\Response))
#10 C:\wamp64\www\UserFrostTest\app\vendor\slim\slim\Slim\App.php(438): Slim\Route->run(Object(Slim\Http\Request), Object(Slim\Http\Response))
#11 C:\wamp64\www\UserFrostTest\app\vendor\slim\csrf\src\Guard.php(177): Slim\App->__invoke(Object(Slim\Http\Request), Object(Slim\Http\Response))
#12 [internal function]: Slim\Csrf\Guard->__invoke(Object(Slim\Http\Request), Object(Slim\Http\Response), Object(Slim\App))
#13 C:\wamp64\www\UserFrostTest\app\vendor\slim\slim\Slim\DeferredCallable.php(43): call_user_func_array(Object(Slim\Csrf\Guard), Array)
#14 [internal function]: Slim\DeferredCallable->__invoke(Object(Slim\Http\Request), Object(Slim\Http\Response), Object(Slim\App))
#15 C:\wamp64\www\UserFrostTest\app\vendor\slim\slim\Slim\MiddlewareAwareTrait.php(67): call_user_func(Object(Slim\DeferredCallable), Object(Slim\Http\Request), Object(Slim\Http\Response), Object(Slim\App))
#16 C:\wamp64\www\UserFrostTest\app\vendor\slim\slim\Slim\MiddlewareAwareTrait.php(116): Slim\App->Slim\{closure}(Object(Slim\Http\Request), Object(Slim\Http\Response))
#17 C:\wamp64\www\UserFrostTest\app\vendor\slim\slim\Slim\App.php(332): Slim\App->callMiddlewareStack(Object(Slim\Http\Request), Object(Slim\Http\Response))
#18 C:\wamp64\www\UserFrostTest\app\vendor\slim\slim\Slim\App.php(293): Slim\App->process(Object(Slim\Http\Request), Object(Slim\Http\Response))
#19 C:\wamp64\www\UserFrostTest\public\index.php(57): Slim\App->run()
#20 {main}
View in rendered output by enabling the "displayErrorDetails" setting.
 [] []
[2017-02-03 15:09:34] errors.ERROR: Slim Application Error:
Type: UserFrosting\Support\Exception\ForbiddenException
File: C:\wamp64\www\UserFrostTest\app\sprinkles\admin\src\Controller\UserController.php
Line: 710
Trace: #0 [internal function]: UserFrosting\Sprinkle\Admin\Controller\UserController->getModalEditRoles(Object(Slim\Http\Request), Object(Slim\Http\Response), Array)
#1 C:\wamp64\www\UserFrostTest\app\vendor\slim\slim\Slim\Handlers\Strategies\RequestResponse.php(41): call_user_func(Array, Object(Slim\Http\Request), Object(Slim\Http\Response), Array)
#2 C:\wamp64\www\UserFrostTest\app\vendor\slim\slim\Slim\Route.php(344): Slim\Handlers\Strategies\RequestResponse->__invoke(Array, Object(Slim\Http\Request), Object(Slim\Http\Response), Array)
#3 C:\wamp64\www\UserFrostTest\app\sprinkles\account\src\Authenticate\AuthGuard.php(52): Slim\Route->__invoke(Object(Slim\Http\Request), Object(Slim\Http\Response))
#4 [internal function]: UserFrosting\Sprinkle\Account\Authenticate\AuthGuard->__invoke(Object(Slim\Http\Request), Object(Slim\Http\Response), Object(Slim\Route))
#5 C:\wamp64\www\UserFrostTest\app\vendor\slim\slim\Slim\DeferredCallable.php(43): call_user_func_array(Object(UserFrosting\Sprinkle\Account\Authenticate\AuthGuard), Array)
#6 [internal function]: Slim\DeferredCallable->__invoke(Object(Slim\Http\Request), Object(Slim\Http\Response), Object(Slim\Route))
#7 C:\wamp64\www\UserFrostTest\app\vendor\slim\slim\Slim\MiddlewareAwareTrait.php(67): call_user_func(Object(Slim\DeferredCallable), Object(Slim\Http\Request), Object(Slim\Http\Response), Object(Slim\Route))
#8 C:\wamp64\www\UserFrostTest\app\vendor\slim\slim\Slim\MiddlewareAwareTrait.php(116): Slim\Route->Slim\{closure}(Object(Slim\Http\Request), Object(Slim\Http\Response))
#9 C:\wamp64\www\UserFrostTest\app\vendor\slim\slim\Slim\Route.php(316): Slim\Route->callMiddlewareStack(Object(Slim\Http\Request), Object(Slim\Http\Response))
#10 C:\wamp64\www\UserFrostTest\app\vendor\slim\slim\Slim\App.php(438): Slim\Route->run(Object(Slim\Http\Request), Object(Slim\Http\Response))
#11 C:\wamp64\www\UserFrostTest\app\vendor\slim\csrf\src\Guard.php(177): Slim\App->__invoke(Object(Slim\Http\Request), Object(Slim\Http\Response))
#12 [internal function]: Slim\Csrf\Guard->__invoke(Object(Slim\Http\Request), Object(Slim\Http\Response), Object(Slim\App))
#13 C:\wamp64\www\UserFrostTest\app\vendor\slim\slim\Slim\DeferredCallable.php(43): call_user_func_array(Object(Slim\Csrf\Guard), Array)
#14 [internal function]: Slim\DeferredCallable->__invoke(Object(Slim\Http\Request), Object(Slim\Http\Response), Object(Slim\App))
#15 C:\wamp64\www\UserFrostTest\app\vendor\slim\slim\Slim\MiddlewareAwareTrait.php(67): call_user_func(Object(Slim\DeferredCallable), Object(Slim\Http\Request), Object(Slim\Http\Response), Object(Slim\App))
#16 C:\wamp64\www\UserFrostTest\app\vendor\slim\slim\Slim\MiddlewareAwareTrait.php(116): Slim\App->Slim\{closure}(Object(Slim\Http\Request), Object(Slim\Http\Response))
#17 C:\wamp64\www\UserFrostTest\app\vendor\slim\slim\Slim\App.php(332): Slim\App->callMiddlewareStack(Object(Slim\Http\Request), Object(Slim\Http\Response))
#18 C:\wamp64\www\UserFrostTest\app\vendor\slim\slim\Slim\App.php(293): Slim\App->process(Object(Slim\Http\Request), Object(Slim\Http\Response))
#19 C:\wamp64\www\UserFrostTest\public\index.php(57): Slim\App->run()
#20 {main}
View in rendered output by enabling the "displayErrorDetails" setting.
 [] []
[2017-02-03 15:09:36] errors.ERROR: Slim Application Error:
Type: UserFrosting\Support\Exception\ForbiddenException
File: C:\wamp64\www\UserFrostTest\app\sprinkles\admin\src\Controller\UserController.php
Line: 589
Trace: #0 [internal function]: UserFrosting\Sprinkle\Admin\Controller\UserController->getModalEdit(Object(Slim\Http\Request), Object(Slim\Http\Response), Array)
#1 C:\wamp64\www\UserFrostTest\app\vendor\slim\slim\Slim\Handlers\Strategies\RequestResponse.php(41): call_user_func(Array, Object(Slim\Http\Request), Object(Slim\Http\Response), Array)
#2 C:\wamp64\www\UserFrostTest\app\vendor\slim\slim\Slim\Route.php(344): Slim\Handlers\Strategies\RequestResponse->__invoke(Array, Object(Slim\Http\Request), Object(Slim\Http\Response), Array)
#3 C:\wamp64\www\UserFrostTest\app\sprinkles\account\src\Authenticate\AuthGuard.php(52): Slim\Route->__invoke(Object(Slim\Http\Request), Object(Slim\Http\Response))
#4 [internal function]: UserFrosting\Sprinkle\Account\Authenticate\AuthGuard->__invoke(Object(Slim\Http\Request), Object(Slim\Http\Response), Object(Slim\Route))
#5 C:\wamp64\www\UserFrostTest\app\vendor\slim\slim\Slim\DeferredCallable.php(43): call_user_func_array(Object(UserFrosting\Sprinkle\Account\Authenticate\AuthGuard), Array)
#6 [internal function]: Slim\DeferredCallable->__invoke(Object(Slim\Http\Request), Object(Slim\Http\Response), Object(Slim\Route))
#7 C:\wamp64\www\UserFrostTest\app\vendor\slim\slim\Slim\MiddlewareAwareTrait.php(67): call_user_func(Object(Slim\DeferredCallable), Object(Slim\Http\Request), Object(Slim\Http\Response), Object(Slim\Route))
#8 C:\wamp64\www\UserFrostTest\app\vendor\slim\slim\Slim\MiddlewareAwareTrait.php(116): Slim\Route->Slim\{closure}(Object(Slim\Http\Request), Object(Slim\Http\Response))
#9 C:\wamp64\www\UserFrostTest\app\vendor\slim\slim\Slim\Route.php(316): Slim\Route->callMiddlewareStack(Object(Slim\Http\Request), Object(Slim\Http\Response))
#10 C:\wamp64\www\UserFrostTest\app\vendor\slim\slim\Slim\App.php(438): Slim\Route->run(Object(Slim\Http\Request), Object(Slim\Http\Response))
#11 C:\wamp64\www\UserFrostTest\app\vendor\slim\csrf\src\Guard.php(177): Slim\App->__invoke(Object(Slim\Http\Request), Object(Slim\Http\Response))
#12 [internal function]: Slim\Csrf\Guard->__invoke(Object(Slim\Http\Request), Object(Slim\Http\Response), Object(Slim\App))
#13 C:\wamp64\www\UserFrostTest\app\vendor\slim\slim\Slim\DeferredCallable.php(43): call_user_func_array(Object(Slim\Csrf\Guard), Array)
#14 [internal function]: Slim\DeferredCallable->__invoke(Object(Slim\Http\Request), Object(Slim\Http\Response), Object(Slim\App))
#15 C:\wamp64\www\UserFrostTest\app\vendor\slim\slim\Slim\MiddlewareAwareTrait.php(67): call_user_func(Object(Slim\DeferredCallable), Object(Slim\Http\Request), Object(Slim\Http\Response), Object(Slim\App))
#16 C:\wamp64\www\UserFrostTest\app\vendor\slim\slim\Slim\MiddlewareAwareTrait.php(116): Slim\App->Slim\{closure}(Object(Slim\Http\Request), Object(Slim\Http\Response))
#17 C:\wamp64\www\UserFrostTest\app\vendor\slim\slim\Slim\App.php(332): Slim\App->callMiddlewareStack(Object(Slim\Http\Request), Object(Slim\Http\Response))
#18 C:\wamp64\www\UserFrostTest\app\vendor\slim\slim\Slim\App.php(293): Slim\App->process(Object(Slim\Http\Request), Object(Slim\Http\Response))
#19 C:\wamp64\www\UserFrostTest\public\index.php(57): Slim\App->run()
#20 {main}
View in rendered output by enabling the "displayErrorDetails" setting.
 [] []
[2017-02-03 15:09:40] errors.ERROR: Slim Application Error:
Type: UserFrosting\Support\Exception\ForbiddenException
File: C:\wamp64\www\UserFrostTest\app\sprinkles\admin\src\Controller\UserController.php
Line: 1047
Trace: #0 [internal function]: UserFrosting\Sprinkle\Admin\Controller\UserController->updateField(Object(Slim\Http\Request), Object(Slim\Http\Response), Array)
#1 C:\wamp64\www\UserFrostTest\app\vendor\slim\slim\Slim\Handlers\Strategies\RequestResponse.php(41): call_user_func(Array, Object(Slim\Http\Request), Object(Slim\Http\Response), Array)
#2 C:\wamp64\www\UserFrostTest\app\vendor\slim\slim\Slim\Route.php(344): Slim\Handlers\Strategies\RequestResponse->__invoke(Array, Object(Slim\Http\Request), Object(Slim\Http\Response), Array)
#3 C:\wamp64\www\UserFrostTest\app\sprinkles\account\src\Authenticate\AuthGuard.php(52): Slim\Route->__invoke(Object(Slim\Http\Request), Object(Slim\Http\Response))
#4 [internal function]: UserFrosting\Sprinkle\Account\Authenticate\AuthGuard->__invoke(Object(Slim\Http\Request), Object(Slim\Http\Response), Object(Slim\Route))
#5 C:\wamp64\www\UserFrostTest\app\vendor\slim\slim\Slim\DeferredCallable.php(43): call_user_func_array(Object(UserFrosting\Sprinkle\Account\Authenticate\AuthGuard), Array)
#6 [internal function]: Slim\DeferredCallable->__invoke(Object(Slim\Http\Request), Object(Slim\Http\Response), Object(Slim\Route))
#7 C:\wamp64\www\UserFrostTest\app\vendor\slim\slim\Slim\MiddlewareAwareTrait.php(67): call_user_func(Object(Slim\DeferredCallable), Object(Slim\Http\Request), Object(Slim\Http\Response), Object(Slim\Route))
#8 C:\wamp64\www\UserFrostTest\app\vendor\slim\slim\Slim\MiddlewareAwareTrait.php(116): Slim\Route->Slim\{closure}(Object(Slim\Http\Request), Object(Slim\Http\Response))
#9 C:\wamp64\www\UserFrostTest\app\vendor\slim\slim\Slim\Route.php(316): Slim\Route->callMiddlewareStack(Object(Slim\Http\Request), Object(Slim\Http\Response))
#10 C:\wamp64\www\UserFrostTest\app\vendor\slim\slim\Slim\App.php(438): Slim\Route->run(Object(Slim\Http\Request), Object(Slim\Http\Response))
#11 C:\wamp64\www\UserFrostTest\app\vendor\slim\csrf\src\Guard.php(177): Slim\App->__invoke(Object(Slim\Http\Request), Object(Slim\Http\Response))
#12 [internal function]: Slim\Csrf\Guard->__invoke(Object(Slim\Http\Request), Object(Slim\Http\Response), Object(Slim\App))
#13 C:\wamp64\www\UserFrostTest\app\vendor\slim\slim\Slim\DeferredCallable.php(43): call_user_func_array(Object(Slim\Csrf\Guard), Array)
#14 [internal function]: Slim\DeferredCallable->__invoke(Object(Slim\Http\Request), Object(Slim\Http\Response), Object(Slim\App))
#15 C:\wamp64\www\UserFrostTest\app\vendor\slim\slim\Slim\MiddlewareAwareTrait.php(67): call_user_func(Object(Slim\DeferredCallable), Object(Slim\Http\Request), Object(Slim\Http\Response), Object(Slim\App))
#16 C:\wamp64\www\UserFrostTest\app\vendor\slim\slim\Slim\MiddlewareAwareTrait.php(116): Slim\App->Slim\{closure}(Object(Slim\Http\Request), Object(Slim\Http\Response))
#17 C:\wamp64\www\UserFrostTest\app\vendor\slim\slim\Slim\App.php(332): Slim\App->callMiddlewareStack(Object(Slim\Http\Request), Object(Slim\Http\Response))
#18 C:\wamp64\www\UserFrostTest\app\vendor\slim\slim\Slim\App.php(293): Slim\App->process(Object(Slim\Http\Request), Object(Slim\Http\Response))
#19 C:\wamp64\www\UserFrostTest\public\index.php(57): Slim\App->run()
#20 {main}
View in rendered output by enabling the "displayErrorDetails" setting.
 [] []
[2017-02-03 15:09:42] errors.ERROR: Slim Application Error:
Type: UserFrosting\Support\Exception\ForbiddenException
File: C:\wamp64\www\UserFrostTest\app\sprinkles\admin\src\Controller\UserController.php
Line: 1047
Trace: #0 [internal function]: UserFrosting\Sprinkle\Admin\Controller\UserController->updateField(Object(Slim\Http\Request), Object(Slim\Http\Response), Array)
#1 C:\wamp64\www\UserFrostTest\app\vendor\slim\slim\Slim\Handlers\Strategies\RequestResponse.php(41): call_user_func(Array, Object(Slim\Http\Request), Object(Slim\Http\Response), Array)
#2 C:\wamp64\www\UserFrostTest\app\vendor\slim\slim\Slim\Route.php(344): Slim\Handlers\Strategies\RequestResponse->__invoke(Array, Object(Slim\Http\Request), Object(Slim\Http\Response), Array)
#3 C:\wamp64\www\UserFrostTest\app\sprinkles\account\src\Authenticate\AuthGuard.php(52): Slim\Route->__invoke(Object(Slim\Http\Request), Object(Slim\Http\Response))
#4 [internal function]: UserFrosting\Sprinkle\Account\Authenticate\AuthGuard->__invoke(Object(Slim\Http\Request), Object(Slim\Http\Response), Object(Slim\Route))
#5 C:\wamp64\www\UserFrostTest\app\vendor\slim\slim\Slim\DeferredCallable.php(43): call_user_func_array(Object(UserFrosting\Sprinkle\Account\Authenticate\AuthGuard), Array)
#6 [internal function]: Slim\DeferredCallable->__invoke(Object(Slim\Http\Request), Object(Slim\Http\Response), Object(Slim\Route))
#7 C:\wamp64\www\UserFrostTest\app\vendor\slim\slim\Slim\MiddlewareAwareTrait.php(67): call_user_func(Object(Slim\DeferredCallable), Object(Slim\Http\Request), Object(Slim\Http\Response), Object(Slim\Route))
#8 C:\wamp64\www\UserFrostTest\app\vendor\slim\slim\Slim\MiddlewareAwareTrait.php(116): Slim\Route->Slim\{closure}(Object(Slim\Http\Request), Object(Slim\Http\Response))
#9 C:\wamp64\www\UserFrostTest\app\vendor\slim\slim\Slim\Route.php(316): Slim\Route->callMiddlewareStack(Object(Slim\Http\Request), Object(Slim\Http\Response))
#10 C:\wamp64\www\UserFrostTest\app\vendor\slim\slim\Slim\App.php(438): Slim\Route->run(Object(Slim\Http\Request), Object(Slim\Http\Response))
#11 C:\wamp64\www\UserFrostTest\app\vendor\slim\csrf\src\Guard.php(177): Slim\App->__invoke(Object(Slim\Http\Request), Object(Slim\Http\Response))
#12 [internal function]: Slim\Csrf\Guard->__invoke(Object(Slim\Http\Request), Object(Slim\Http\Response), Object(Slim\App))
#13 C:\wamp64\www\UserFrostTest\app\vendor\slim\slim\Slim\DeferredCallable.php(43): call_user_func_array(Object(Slim\Csrf\Guard), Array)
#14 [internal function]: Slim\DeferredCallable->__invoke(Object(Slim\Http\Request), Object(Slim\Http\Response), Object(Slim\App))
#15 C:\wamp64\www\UserFrostTest\app\vendor\slim\slim\Slim\MiddlewareAwareTrait.php(67): call_user_func(Object(Slim\DeferredCallable), Object(Slim\Http\Request), Object(Slim\Http\Response), Object(Slim\App))
#16 C:\wamp64\www\UserFrostTest\app\vendor\slim\slim\Slim\MiddlewareAwareTrait.php(116): Slim\App->Slim\{closure}(Object(Slim\Http\Request), Object(Slim\Http\Response))
#17 C:\wamp64\www\UserFrostTest\app\vendor\slim\slim\Slim\App.php(332): Slim\App->callMiddlewareStack(Object(Slim\Http\Request), Object(Slim\Http\Response))
#18 C:\wamp64\www\UserFrostTest\app\vendor\slim\slim\Slim\App.php(293): Slim\App->process(Object(Slim\Http\Request), Object(Slim\Http\Response))
#19 C:\wamp64\www\UserFrostTest\public\index.php(57): Slim\App->run()
#20 {main}
View in rendered output by enabling the "displayErrorDetails" setting.
 [] []
[2017-02-03 15:10:31] errors.ERROR: Slim Application Error:
Type: PDOException
Code: 1045
Message: SQLSTATE[HY000] [1045] Access denied for user ''@'localhost' (using password: NO)
File: C:\wamp64\www\UserFrostTest\app\sprinkles\account\src\Authenticate\Authenticator.php
Line: 96
Trace: #0 C:\wamp64\www\UserFrostTest\app\sprinkles\account\src\Authenticate\Authenticator.php(96): PDO->__construct('mysql:host=;dbn...', '', '')
#1 C:\wamp64\www\UserFrostTest\app\sprinkles\account\src\ServicesProvider\AccountServicesProvider.php(174): UserFrosting\Sprinkle\Account\Authenticate\Authenticator->__construct(Object(UserFrosting\Sprinkle\Core\Util\ClassMapper), Object(UserFrosting\Session\Session), Object(UserFrosting\Config\Config))
#2 C:\wamp64\www\UserFrostTest\app\vendor\pimple\pimple\src\Pimple\Container.php(113): UserFrosting\Sprinkle\Account\ServicesProvider\AccountServicesProvider->UserFrosting\Sprinkle\Account\ServicesProvider\{closure}(Object(Slim\Container))
#3 C:\wamp64\www\UserFrostTest\app\vendor\slim\slim\Slim\Container.php(123): Pimple\Container->offsetGet('authenticator')
#4 C:\wamp64\www\UserFrostTest\app\vendor\slim\slim\Slim\Container.php(172): Slim\Container->get('authenticator')
#5 C:\wamp64\www\UserFrostTest\app\sprinkles\account\src\ServicesProvider\AccountServicesProvider.php(182): Slim\Container->__get('authenticator')
#6 C:\wamp64\www\UserFrostTest\app\vendor\pimple\pimple\src\Pimple\Container.php(113): UserFrosting\Sprinkle\Account\ServicesProvider\AccountServicesProvider->UserFrosting\Sprinkle\Account\ServicesProvider\{closure}(Object(Slim\Container))
#7 C:\wamp64\www\UserFrostTest\app\vendor\slim\slim\Slim\Container.php(123): Pimple\Container->offsetGet('authGuard')
#8 C:\wamp64\www\UserFrostTest\app\vendor\slim\slim\Slim\CallableResolver.php(71): Slim\Container->get('authGuard')
#9 C:\wamp64\www\UserFrostTest\app\vendor\slim\slim\Slim\CallableResolverAwareTrait.php(45): Slim\CallableResolver->resolve('authGuard')
#10 C:\wamp64\www\UserFrostTest\app\vendor\slim\slim\Slim\DeferredCallable.php(36): Slim\DeferredCallable->resolveCallable('authGuard')
#11 [internal function]: Slim\DeferredCallable->__invoke(Object(Slim\Http\Request), Object(Slim\Http\Response), Object(Slim\Route))
#12 C:\wamp64\www\UserFrostTest\app\vendor\slim\slim\Slim\MiddlewareAwareTrait.php(67): call_user_func(Object(Slim\DeferredCallable), Object(Slim\Http\Request), Object(Slim\Http\Response), Object(Slim\Route))
#13 C:\wamp64\www\UserFrostTest\app\vendor\slim\slim\Slim\MiddlewareAwareTrait.php(116): Slim\Route->Slim\{closure}(Object(Slim\Http\Request), Object(Slim\Http\Response))
#14 C:\wamp64\www\UserFrostTest\app\vendor\slim\slim\Slim\Route.php(316): Slim\Route->callMiddlewareStack(Object(Slim\Http\Request), Object(Slim\Http\Response))
#15 C:\wamp64\www\UserFrostTest\app\vendor\slim\slim\Slim\App.php(438): Slim\Route->run(Object(Slim\Http\Request), Object(Slim\Http\Response))
#16 C:\wamp64\www\UserFrostTest\app\vendor\slim\csrf\src\Guard.php(177): Slim\App->__invoke(Object(Slim\Http\Request), Object(Slim\Http\Response))
#17 [internal function]: Slim\Csrf\Guard->__invoke(Object(Slim\Http\Request), Object(Slim\Http\Response), Object(Slim\App))
#18 C:\wamp64\www\UserFrostTest\app\vendor\slim\slim\Slim\DeferredCallable.php(43): call_user_func_array(Object(Slim\Csrf\Guard), Array)
#19 [internal function]: Slim\DeferredCallable->__invoke(Object(Slim\Http\Request), Object(Slim\Http\Response), Object(Slim\App))
#20 C:\wamp64\www\UserFrostTest\app\vendor\slim\slim\Slim\MiddlewareAwareTrait.php(67): call_user_func(Object(Slim\DeferredCallable), Object(Slim\Http\Request), Object(Slim\Http\Response), Object(Slim\App))
#21 C:\wamp64\www\UserFrostTest\app\vendor\slim\slim\Slim\MiddlewareAwareTrait.php(116): Slim\App->Slim\{closure}(Object(Slim\Http\Request), Object(Slim\Http\Response))
#22 C:\wamp64\www\UserFrostTest\app\vendor\slim\slim\Slim\App.php(332): Slim\App->callMiddlewareStack(Object(Slim\Http\Request), Object(Slim\Http\Response))
#23 C:\wamp64\www\UserFrostTest\app\vendor\slim\slim\Slim\App.php(293): Slim\App->process(Object(Slim\Http\Request), Object(Slim\Http\Response))
#24 C:\wamp64\www\UserFrostTest\public\index.php(57): Slim\App->run()
#25 {main}
View in rendered output by enabling the "displayErrorDetails" setting.
 [] []
[2017-02-08 14:58:49] errors.ERROR: Slim Application Error:
Type: PDOException
Code: 1045
Message: SQLSTATE[HY000] [1045] Access denied for user ''@'localhost' (using password: NO)
File: C:\wamp64\www\UserFrostTest\app\sprinkles\account\src\Authenticate\Authenticator.php
Line: 96
Trace: #0 C:\wamp64\www\UserFrostTest\app\sprinkles\account\src\Authenticate\Authenticator.php(96): PDO->__construct('mysql:host=;dbn...', '', '')
#1 C:\wamp64\www\UserFrostTest\app\sprinkles\account\src\ServicesProvider\AccountServicesProvider.php(174): UserFrosting\Sprinkle\Account\Authenticate\Authenticator->__construct(Object(UserFrosting\Sprinkle\Core\Util\ClassMapper), Object(UserFrosting\Session\Session), Object(UserFrosting\Config\Config))
#2 C:\wamp64\www\UserFrostTest\app\vendor\pimple\pimple\src\Pimple\Container.php(113): UserFrosting\Sprinkle\Account\ServicesProvider\AccountServicesProvider->UserFrosting\Sprinkle\Account\ServicesProvider\{closure}(Object(Slim\Container))
#3 C:\wamp64\www\UserFrostTest\app\vendor\slim\slim\Slim\Container.php(123): Pimple\Container->offsetGet('authenticator')
#4 C:\wamp64\www\UserFrostTest\app\vendor\slim\slim\Slim\Container.php(172): Slim\Container->get('authenticator')
#5 C:\wamp64\www\UserFrostTest\app\sprinkles\account\src\ServicesProvider\AccountServicesProvider.php(182): Slim\Container->__get('authenticator')
#6 C:\wamp64\www\UserFrostTest\app\vendor\pimple\pimple\src\Pimple\Container.php(113): UserFrosting\Sprinkle\Account\ServicesProvider\AccountServicesProvider->UserFrosting\Sprinkle\Account\ServicesProvider\{closure}(Object(Slim\Container))
#7 C:\wamp64\www\UserFrostTest\app\vendor\slim\slim\Slim\Container.php(123): Pimple\Container->offsetGet('authGuard')
#8 C:\wamp64\www\UserFrostTest\app\vendor\slim\slim\Slim\CallableResolver.php(71): Slim\Container->get('authGuard')
#9 C:\wamp64\www\UserFrostTest\app\vendor\slim\slim\Slim\CallableResolverAwareTrait.php(45): Slim\CallableResolver->resolve('authGuard')
#10 C:\wamp64\www\UserFrostTest\app\vendor\slim\slim\Slim\DeferredCallable.php(36): Slim\DeferredCallable->resolveCallable('authGuard')
#11 [internal function]: Slim\DeferredCallable->__invoke(Object(Slim\Http\Request), Object(Slim\Http\Response), Object(Slim\Route))
#12 C:\wamp64\www\UserFrostTest\app\vendor\slim\slim\Slim\MiddlewareAwareTrait.php(67): call_user_func(Object(Slim\DeferredCallable), Object(Slim\Http\Request), Object(Slim\Http\Response), Object(Slim\Route))
#13 C:\wamp64\www\UserFrostTest\app\vendor\slim\slim\Slim\MiddlewareAwareTrait.php(116): Slim\Route->Slim\{closure}(Object(Slim\Http\Request), Object(Slim\Http\Response))
#14 C:\wamp64\www\UserFrostTest\app\vendor\slim\slim\Slim\Route.php(316): Slim\Route->callMiddlewareStack(Object(Slim\Http\Request), Object(Slim\Http\Response))
#15 C:\wamp64\www\UserFrostTest\app\vendor\slim\slim\Slim\App.php(438): Slim\Route->run(Object(Slim\Http\Request), Object(Slim\Http\Response))
#16 C:\wamp64\www\UserFrostTest\app\vendor\slim\csrf\src\Guard.php(177): Slim\App->__invoke(Object(Slim\Http\Request), Object(Slim\Http\Response))
#17 [internal function]: Slim\Csrf\Guard->__invoke(Object(Slim\Http\Request), Object(Slim\Http\Response), Object(Slim\App))
#18 C:\wamp64\www\UserFrostTest\app\vendor\slim\slim\Slim\DeferredCallable.php(43): call_user_func_array(Object(Slim\Csrf\Guard), Array)
#19 [internal function]: Slim\DeferredCallable->__invoke(Object(Slim\Http\Request), Object(Slim\Http\Response), Object(Slim\App))
#20 C:\wamp64\www\UserFrostTest\app\vendor\slim\slim\Slim\MiddlewareAwareTrait.php(67): call_user_func(Object(Slim\DeferredCallable), Object(Slim\Http\Request), Object(Slim\Http\Response), Object(Slim\App))
#21 C:\wamp64\www\UserFrostTest\app\vendor\slim\slim\Slim\MiddlewareAwareTrait.php(116): Slim\App->Slim\{closure}(Object(Slim\Http\Request), Object(Slim\Http\Response))
#22 C:\wamp64\www\UserFrostTest\app\vendor\slim\slim\Slim\App.php(332): Slim\App->callMiddlewareStack(Object(Slim\Http\Request), Object(Slim\Http\Response))
#23 C:\wamp64\www\UserFrostTest\app\vendor\slim\slim\Slim\App.php(293): Slim\App->process(Object(Slim\Http\Request), Object(Slim\Http\Response))
#24 C:\wamp64\www\UserFrostTest\public\index.php(57): Slim\App->run()
#25 {main}
View in rendered output by enabling the "displayErrorDetails" setting.
 [] []
